2023-08-22 12:21:04,536 [INFO] Activator:176 - 


2023-08-22 12:21:04,536 [INFO] Activator:177 - !SESSION log4j initialized
2023-08-22 12:21:09,048 [INFO] LogOutputStream:77 - [STDOUT_REDIRECT] 
2023-08-22 12:21:11,038 [INFO] ApplicationProperties:184 - Using Application install path: C:\ST\STM32CubeIDE_1.13.0\STM32CubeIDE\plugins\com.st.stm32cube.common.mx_6.9.0.202307051724
2023-08-22 12:21:11,065 [INFO] DbMcusXml:78 - Set database path to: C:\ST\STM32CubeIDE_1.13.0\STM32CubeIDE\plugins\com.st.stm32cube.common.mx_6.9.0.202307051724\\db\/mcu/
2023-08-22 12:21:11,065 [INFO] ApiDb:274 - Set plugin database path to: C:\ST\STM32CubeIDE_1.13.0\STM32CubeIDE\plugins\com.st.stm32cube.common.mx_6.9.0.202307051724\\db\/plugins/boardmanager/
2023-08-22 12:21:11,066 [WARN] ApiDb:259 - Overriding images path with different value:  => C:\ST\STM32CubeIDE_1.13.0\STM32CubeIDE\plugins\com.st.stm32cube.common.mx_6.9.0.202307051724\\db\/plugins/mcufinder/images/
2023-08-22 12:21:11,076 [INFO] ApiDb:250 - Set database path to: C:\Users\malef\.stmcufinder\plugins\mcufinder//mcu/
2023-08-22 12:21:11,078 [INFO] DbMcusAds:125 - Set database path to: C:\Users\malef\.stmcufinder\plugins\mcufinder//mcu/
2023-08-22 12:21:11,080 [INFO] CrossReferenceDbSqlite:203 - Set database path to: C:\Users\malef\.stmcufinder\plugins\mcufinder//mcu/cs/
2023-08-22 12:21:11,218 [INFO] RulesReader:64 - Compatibility file has been processed (293 Rules)
2023-08-22 12:21:11,355 [INFO] DbMcusXml:78 - Set database path to: C:\ST\STM32CubeIDE_1.13.0\STM32CubeIDE\plugins\com.st.stm32cube.common.mx_6.9.0.202307051724\\db\/mcu/
2023-08-22 12:21:11,355 [INFO] ApiDb:274 - Set plugin database path to: C:\ST\STM32CubeIDE_1.13.0\STM32CubeIDE\plugins\com.st.stm32cube.common.mx_6.9.0.202307051724\\db\/plugins/boardmanager/
2023-08-22 12:21:11,355 [INFO] ApiDb:261 - Set plugin images path to: C:\ST\STM32CubeIDE_1.13.0\STM32CubeIDE\plugins\com.st.stm32cube.common.mx_6.9.0.202307051724\\db\/plugins/mcufinder/images/
2023-08-22 12:21:11,355 [WARN] DbFile:41 - Overriding database path with different value: C:\Users\malef\.stmcufinder\plugins\mcufinder/ => C:\Users\malef\.stmcufinder\plugins\mcufinder
2023-08-22 12:21:11,355 [INFO] ApiDb:250 - Set database path to: C:\Users\malef\.stmcufinder\plugins\mcufinder//mcu/
2023-08-22 12:21:11,355 [WARN] DbFile:41 - Overriding database path with different value: C:\Users\malef\.stmcufinder\plugins\mcufinder/ => C:\Users\malef\.stmcufinder\plugins\mcufinder
2023-08-22 12:21:11,355 [INFO] DbMcusAds:125 - Set database path to: C:\Users\malef\.stmcufinder\plugins\mcufinder//mcu/
2023-08-22 12:21:11,356 [WARN] DbFile:41 - Overriding database path with different value: C:\Users\malef\.stmcufinder\plugins\mcufinder/ => C:\Users\malef\.stmcufinder\plugins\mcufinder
2023-08-22 12:21:11,356 [WARN] DbFile:41 - Overriding database path with different value: C:\Users\malef\.stmcufinder\plugins\mcufinder/ => C:\Users\malef\.stmcufinder\plugins\mcufinder
2023-08-22 12:21:11,356 [INFO] CrossReferenceDbSqlite:203 - Set database path to: C:\Users\malef\.stmcufinder\plugins\mcufinder//mcu/cs/
2023-08-22 12:21:11,473 [INFO] MainPanel:262 - HeapMemory: 268435456
2023-08-22 12:21:11,626 [INFO] DbMcusXml:78 - Set database path to: C:\ST\STM32CubeIDE_1.13.0\STM32CubeIDE\plugins\com.st.stm32cube.common.mx_6.9.0.202307051724\\db\/mcu/
2023-08-22 12:21:11,627 [INFO] ApiDb:274 - Set plugin database path to: C:\ST\STM32CubeIDE_1.13.0\STM32CubeIDE\plugins\com.st.stm32cube.common.mx_6.9.0.202307051724\\db\/plugins/boardmanager/
2023-08-22 12:21:11,627 [INFO] ApiDb:261 - Set plugin images path to: C:\ST\STM32CubeIDE_1.13.0\STM32CubeIDE\plugins\com.st.stm32cube.common.mx_6.9.0.202307051724\\db\/plugins/mcufinder/images/
2023-08-22 12:21:11,627 [WARN] DbFile:41 - Overriding database path with different value: C:\Users\malef\.stmcufinder\plugins\mcufinder/ => C:\Users\malef\.stmcufinder\plugins\mcufinder
2023-08-22 12:21:11,628 [INFO] ApiDb:250 - Set database path to: C:\Users\malef\.stmcufinder\plugins\mcufinder//mcu/
2023-08-22 12:21:11,628 [WARN] DbFile:41 - Overriding database path with different value: C:\Users\malef\.stmcufinder\plugins\mcufinder/ => C:\Users\malef\.stmcufinder\plugins\mcufinder
2023-08-22 12:21:11,628 [INFO] DbMcusAds:125 - Set database path to: C:\Users\malef\.stmcufinder\plugins\mcufinder//mcu/
2023-08-22 12:21:11,628 [WARN] DbFile:41 - Overriding database path with different value: C:\Users\malef\.stmcufinder\plugins\mcufinder/ => C:\Users\malef\.stmcufinder\plugins\mcufinder
2023-08-22 12:21:11,628 [WARN] DbFile:41 - Overriding database path with different value: C:\Users\malef\.stmcufinder\plugins\mcufinder/ => C:\Users\malef\.stmcufinder\plugins\mcufinder
2023-08-22 12:21:11,628 [INFO] CrossReferenceDbSqlite:203 - Set database path to: C:\Users\malef\.stmcufinder\plugins\mcufinder//mcu/cs/
2023-08-22 12:21:11,655 [INFO] ApplicationProperties:184 - Using Application install path: C:\ST\STM32CubeIDE_1.13.0\STM32CubeIDE\plugins\com.st.stm32cube.common.mx_6.9.0.202307051724
2023-08-22 12:21:11,656 [INFO] PluginManage:196 - Search for loadable plugins [exclusion list=, ]
2023-08-22 12:21:11,659 [INFO] PluginManage:310 - Check plugin analytics
2023-08-22 12:21:11,838 [INFO] AnalyticsPlugin:253 - Accepted Software Licenses: 
2023-08-22 12:21:11,839 [INFO] AnalyticsPlugin:255 - Accepted CMSIS Pack Licenses: 
2023-08-22 12:21:11,840 [INFO] AnalyticsPlugin:257 - Accepted Firmware Licenses: FW.F4.1.27.0
2023-08-22 12:21:11,843 [INFO] PluginManage:359 - Loaded plugin analytics (category:tool,tabindex:-1)
2023-08-22 12:21:11,844 [INFO] PluginManage:310 - Check plugin cadmodel
2023-08-22 12:21:11,850 [INFO] CADModel:105 - Init CAD model plugin
2023-08-22 12:21:11,850 [INFO] PluginManage:359 - Loaded plugin cadmodel (category:power,tabindex:5)
2023-08-22 12:21:11,850 [INFO] PluginManage:310 - Check plugin clock
2023-08-22 12:21:11,861 [INFO] PluginManage:359 - Loaded plugin clock (category:base,tabindex:2)
2023-08-22 12:21:11,861 [INFO] PluginManage:310 - Check plugin ddr
2023-08-22 12:21:11,864 [INFO] PluginManage:359 - Loaded plugin ddr (category:tool,tabindex:6)
2023-08-22 12:21:11,865 [INFO] PluginManage:310 - Check plugin filemanager
2023-08-22 12:21:12,023 [INFO] PluginManage:359 - Loaded plugin filemanager (category:base,tabindex:10)
2023-08-22 12:21:12,023 [INFO] PluginManage:310 - Check plugin ipmanager
2023-08-22 12:21:12,032 [INFO] PluginManage:359 - Loaded plugin ipmanager (category:base,tabindex:5)
2023-08-22 12:21:12,032 [INFO] PluginManage:310 - Check plugin lpbam
2023-08-22 12:21:12,044 [INFO] PluginManage:359 - Loaded plugin lpbam (category:base,tabindex:0)
2023-08-22 12:21:12,044 [INFO] PluginManage:310 - Check plugin memorymap
2023-08-22 12:21:12,069 [INFO] PluginManage:359 - Loaded plugin memorymap (category:base,tabindex:4)
2023-08-22 12:21:12,069 [INFO] PluginManage:310 - Check plugin pinoutandconfiguration
2023-08-22 12:21:12,087 [INFO] PluginManage:359 - Loaded plugin pinoutandconfiguration (category:base,tabindex:1)
2023-08-22 12:21:12,087 [INFO] PluginManage:310 - Check plugin pinoutconfig
2023-08-22 12:21:12,270 [WARN] SupportedApi:132 - Cannot load RTOS API schema: s4s-elt-must-match.1: The content of 'definitions' must match (annotation?, (simpleType | complexType)?, (unique | key | keyref)*)). A problem was found starting at: attribute.
2023-08-22 12:21:12,486 [INFO] PluginManage:359 - Loaded plugin pinoutconfig (category:base,tabindex:0)
2023-08-22 12:21:12,487 [INFO] PluginManage:310 - Check plugin power
2023-08-22 12:21:12,499 [INFO] PluginManage:359 - Loaded plugin power (category:power,tabindex:4)
2023-08-22 12:21:12,500 [INFO] PluginManage:310 - Check plugin projectmanager
2023-08-22 12:21:12,514 [INFO] PluginManage:359 - Loaded plugin projectmanager (category:projectmanager,tabindex:3)
2023-08-22 12:21:12,514 [INFO] PluginManage:310 - Check plugin thirdparty
2023-08-22 12:21:12,641 [INFO] PluginManage:359 - Loaded plugin thirdparty (category:base,tabindex:-1)
2023-08-22 12:21:12,641 [INFO] PluginManage:310 - Check plugin tools
2023-08-22 12:21:12,641 [WARN] IntegrityCheckThread:84 - waiting for thirdparty lock release [integrity check]
2023-08-22 12:21:12,641 [INFO] IntegrityCheckThread:86 - entering critical section [integrity check]
2023-08-22 12:21:12,641 [INFO] ThirdPartyUpdaterWithRetryManager:70 - Updater plugin not ready yet. [1/15]
2023-08-22 12:21:12,642 [INFO] PluginManage:359 - Loaded plugin tools (category:base,tabindex:7)
2023-08-22 12:21:12,643 [INFO] PluginManage:310 - Check plugin tutovideos
2023-08-22 12:21:12,846 [INFO] PluginManage:359 - Loaded plugin tutovideos (category:base,tabindex:-1)
2023-08-22 12:21:12,846 [INFO] PluginManage:310 - Check plugin updater
2023-08-22 12:21:12,861 [INFO] PluginManage:359 - Loaded plugin updater (category:base,tabindex:12)
2023-08-22 12:21:12,861 [INFO] PluginManage:310 - Check plugin userauth
2023-08-22 12:21:12,871 [INFO] UserAuth:113 - Init User Auth plugin
2023-08-22 12:21:12,871 [INFO] PluginManage:359 - Loaded plugin userauth (category:base,tabindex:14)
2023-08-22 12:21:12,873 [INFO] PluginManage:283 - PluginManage : Loaded plugins [17]
2023-08-22 12:21:13,170 [INFO] PinOutPanel:1499 - setPackage(No Configuration,No Configuration)
2023-08-22 12:21:13,293 [INFO] CADModel:165 - CPN selected for project level
2023-08-22 12:21:13,293 [INFO] CADModel:114 - Register for checkConnection events
2023-08-22 12:21:13,311 [INFO] IPUIPlugin:80 - create IPUIPlugin
2023-08-22 12:21:13,312 [INFO] PluginManager:220 - loadIPPluginJar : add adc
2023-08-22 12:21:13,315 [INFO] IPUIPlugin:80 - create IPUIPlugin
2023-08-22 12:21:13,316 [INFO] PluginManager:220 - loadIPPluginJar : add aes
2023-08-22 12:21:13,320 [INFO] IPUIPlugin:80 - create IPUIPlugin
2023-08-22 12:21:13,320 [INFO] PluginManager:220 - loadIPPluginJar : add can
2023-08-22 12:21:13,323 [INFO] IPUIPlugin:80 - create IPUIPlugin
2023-08-22 12:21:13,323 [INFO] PluginManager:220 - loadIPPluginJar : add comp
2023-08-22 12:21:13,326 [INFO] IPUIPlugin:80 - create IPUIPlugin
2023-08-22 12:21:13,326 [INFO] PluginManager:220 - loadIPPluginJar : add cryp
2023-08-22 12:21:13,329 [INFO] IPUIPlugin:80 - create IPUIPlugin
2023-08-22 12:21:13,330 [INFO] PluginManager:220 - loadIPPluginJar : add dfsdm
2023-08-22 12:21:13,336 [INFO] IPUIPlugin:80 - create IPUIPlugin
2023-08-22 12:21:13,337 [INFO] PluginManager:220 - loadIPPluginJar : add dma
2023-08-22 12:21:13,339 [INFO] IPUIPlugin:80 - create IPUIPlugin
2023-08-22 12:21:13,339 [INFO] PluginManager:220 - loadIPPluginJar : add dma3
2023-08-22 12:21:13,340 [INFO] IPUIPlugin:80 - create IPUIPlugin
2023-08-22 12:21:13,340 [INFO] PluginManager:220 - loadIPPluginJar : add fatfs
2023-08-22 12:21:13,343 [INFO] IPUIPlugin:80 - create IPUIPlugin
2023-08-22 12:21:13,344 [INFO] PluginManager:220 - loadIPPluginJar : add fmc
2023-08-22 12:21:13,347 [INFO] IPUIPlugin:80 - create IPUIPlugin
2023-08-22 12:21:13,347 [INFO] PluginManager:220 - loadIPPluginJar : add freertos
2023-08-22 12:21:13,348 [INFO] IPUIPlugin:80 - create IPUIPlugin
2023-08-22 12:21:13,348 [INFO] PluginManager:220 - loadIPPluginJar : add genericplugin
2023-08-22 12:21:13,349 [INFO] IPUIPlugin:80 - create IPUIPlugin
2023-08-22 12:21:13,349 [INFO] PluginManager:220 - loadIPPluginJar : add gfxmmu
2023-08-22 12:21:13,353 [INFO] IPUIPlugin:80 - create IPUIPlugin
2023-08-22 12:21:13,353 [INFO] PluginManager:220 - loadIPPluginJar : add gic
2023-08-22 12:21:13,356 [INFO] IPUIPlugin:80 - create IPUIPlugin
2023-08-22 12:21:13,356 [INFO] PluginManager:220 - loadIPPluginJar : add gpio
2023-08-22 12:21:13,358 [INFO] IPUIPlugin:80 - create IPUIPlugin
2023-08-22 12:21:13,358 [INFO] PluginManager:220 - loadIPPluginJar : add gtzc
2023-08-22 12:21:13,360 [INFO] IPUIPlugin:80 - create IPUIPlugin
2023-08-22 12:21:13,360 [INFO] PluginManager:220 - loadIPPluginJar : add hash
2023-08-22 12:21:13,362 [INFO] IPUIPlugin:80 - create IPUIPlugin
2023-08-22 12:21:13,362 [INFO] PluginManager:220 - loadIPPluginJar : add i2c
2023-08-22 12:21:13,364 [INFO] IPUIPlugin:80 - create IPUIPlugin
2023-08-22 12:21:13,364 [INFO] PluginManager:220 - loadIPPluginJar : add i2s
2023-08-22 12:21:13,366 [INFO] IPUIPlugin:80 - create IPUIPlugin
2023-08-22 12:21:13,366 [INFO] PluginManager:220 - loadIPPluginJar : add i3c
2023-08-22 12:21:13,370 [INFO] IPUIPlugin:80 - create IPUIPlugin
2023-08-22 12:21:13,370 [INFO] PluginManager:220 - loadIPPluginJar : add ipddr
2023-08-22 12:21:13,377 [INFO] IPUIPlugin:80 - create IPUIPlugin
2023-08-22 12:21:13,377 [INFO] PluginManager:220 - loadIPPluginJar : add linkedlist
2023-08-22 12:21:13,379 [INFO] IPUIPlugin:80 - create IPUIPlugin
2023-08-22 12:21:13,379 [INFO] PluginManager:220 - loadIPPluginJar : add lorawan
2023-08-22 12:21:13,380 [INFO] IPUIPlugin:80 - create IPUIPlugin
2023-08-22 12:21:13,380 [INFO] PluginManager:220 - loadIPPluginJar : add ltdc
2023-08-22 12:21:13,386 [INFO] IPUIPlugin:80 - create IPUIPlugin
2023-08-22 12:21:13,386 [INFO] PluginManager:220 - loadIPPluginJar : add mdma
2023-08-22 12:21:13,388 [INFO] IPUIPlugin:80 - create IPUIPlugin
2023-08-22 12:21:13,389 [INFO] PluginManager:220 - loadIPPluginJar : add nvic
2023-08-22 12:21:13,390 [INFO] IPUIPlugin:80 - create IPUIPlugin
2023-08-22 12:21:13,390 [INFO] PluginManager:220 - loadIPPluginJar : add opamp
2023-08-22 12:21:13,393 [INFO] IPUIPlugin:80 - create IPUIPlugin
2023-08-22 12:21:13,393 [INFO] PluginManager:220 - loadIPPluginJar : add openamp
2023-08-22 12:21:13,395 [INFO] IPUIPlugin:80 - create IPUIPlugin
2023-08-22 12:21:13,395 [INFO] PluginManager:220 - loadIPPluginJar : add pdm2pcm
2023-08-22 12:21:13,400 [INFO] IPUIPlugin:80 - create IPUIPlugin
2023-08-22 12:21:13,402 [INFO] PluginManager:220 - loadIPPluginJar : add plateformsettings
2023-08-22 12:21:13,404 [INFO] IPUIPlugin:80 - create IPUIPlugin
2023-08-22 12:21:13,404 [INFO] PluginManager:220 - loadIPPluginJar : add quadspi
2023-08-22 12:21:13,407 [INFO] IPUIPlugin:80 - create IPUIPlugin
2023-08-22 12:21:13,407 [INFO] PluginManager:220 - loadIPPluginJar : add resmgrutility
2023-08-22 12:21:13,409 [INFO] IPUIPlugin:80 - create IPUIPlugin
2023-08-22 12:21:13,409 [INFO] PluginManager:220 - loadIPPluginJar : add sai
2023-08-22 12:21:13,411 [INFO] IPUIPlugin:80 - create IPUIPlugin
2023-08-22 12:21:13,411 [INFO] PluginManager:220 - loadIPPluginJar : add spi
2023-08-22 12:21:13,416 [INFO] IPUIPlugin:80 - create IPUIPlugin
2023-08-22 12:21:13,416 [INFO] PluginManager:220 - loadIPPluginJar : add stm32_wpan
2023-08-22 12:21:13,417 [INFO] IPUIPlugin:80 - create IPUIPlugin
2023-08-22 12:21:13,418 [INFO] PluginManager:220 - loadIPPluginJar : add tim
2023-08-22 12:21:13,420 [INFO] IPUIPlugin:80 - create IPUIPlugin
2023-08-22 12:21:13,420 [INFO] PluginManager:220 - loadIPPluginJar : add touchsensing
2023-08-22 12:21:13,422 [INFO] IPUIPlugin:80 - create IPUIPlugin
2023-08-22 12:21:13,422 [INFO] PluginManager:220 - loadIPPluginJar : add tracer_emb
2023-08-22 12:21:13,423 [INFO] IPUIPlugin:80 - create IPUIPlugin
2023-08-22 12:21:13,423 [INFO] PluginManager:220 - loadIPPluginJar : add ts
2023-08-22 12:21:13,424 [INFO] IPUIPlugin:80 - create IPUIPlugin
2023-08-22 12:21:13,424 [INFO] PluginManager:220 - loadIPPluginJar : add tsc
2023-08-22 12:21:13,426 [INFO] IPUIPlugin:80 - create IPUIPlugin
2023-08-22 12:21:13,426 [INFO] PluginManager:220 - loadIPPluginJar : add ucpd
2023-08-22 12:21:13,427 [INFO] IPUIPlugin:80 - create IPUIPlugin
2023-08-22 12:21:13,427 [INFO] PluginManager:220 - loadIPPluginJar : add usart
2023-08-22 12:21:13,429 [INFO] IPUIPlugin:80 - create IPUIPlugin
2023-08-22 12:21:13,429 [INFO] PluginManager:220 - loadIPPluginJar : add usbx
2023-08-22 12:21:13,550 [INFO] CADModel:165 - CPN selected for project level
2023-08-22 12:21:13,550 [INFO] CADModel:114 - Register for checkConnection events
2023-08-22 12:21:13,550 [FATAL] Updater:308 - Updater called before beeing initialized
2023-08-22 12:21:13,551 [ERROR] CADModel:125 - Updater not yet initialized, retry later 
2023-08-22 12:21:13,724 [INFO] CADModel:165 - CPN selected for project level
2023-08-22 12:21:13,724 [INFO] CADModel:114 - Register for checkConnection events
2023-08-22 12:21:13,724 [FATAL] Updater:308 - Updater called before beeing initialized
2023-08-22 12:21:13,724 [ERROR] CADModel:125 - Updater not yet initialized, retry later 
2023-08-22 12:21:13,728 [FATAL] Updater:308 - Updater called before beeing initialized
2023-08-22 12:21:13,822 [FATAL] Updater:308 - Updater called before beeing initialized
2023-08-22 12:21:13,829 [INFO] DbMcusAds:53 - JSON generation date=Tue Mar 07 10:50:55 SAST 2023 (1678179055114)
2023-08-22 12:21:13,829 [FATAL] Updater:308 - Updater called before beeing initialized
2023-08-22 12:21:13,866 [WARN] DetailPanel:346 - Failed to get advertising image, set to default
2023-08-22 12:21:13,940 [FATAL] Updater:308 - Updater called before beeing initialized
2023-08-22 12:21:13,941 [FATAL] Updater:308 - Updater called before beeing initialized
2023-08-22 12:21:13,941 [FATAL] Updater:308 - Updater called before beeing initialized
2023-08-22 12:21:13,941 [WARN] DetailPanel:346 - Failed to get advertising image, set to default
2023-08-22 12:21:13,942 [FATAL] Updater:308 - Updater called before beeing initialized
2023-08-22 12:21:13,982 [ERROR] Updater:1120 - MainUpdater not yet initialized. External WinMGr cannot be set.
2023-08-22 12:21:13,984 [INFO] Updater:1056 - Updater Version found : 6.9.0
2023-08-22 12:21:14,017 [INFO] ApplicationProperties:184 - Using Application install path: C:\ST\STM32CubeIDE_1.13.0\STM32CubeIDE\plugins\com.st.stm32cube.common.mx_6.9.0.202307051724
2023-08-22 12:21:14,213 [INFO] MainUpdater:2868 - connection check result : 10
2023-08-22 12:21:14,214 [INFO] MainUpdater:285 - Updater Check For Update Now.
2023-08-22 12:21:14,214 [INFO] MicroXplorer:498 - Change Database Version : DB.6.0.90
2023-08-22 12:21:14,223 [INFO] McuFinderGlobals:63 - Set McuFinder mode to 2 (CubeIDE integrated)
2023-08-22 12:21:14,223 [INFO] UserAuth:179 - activating auth plugin
2023-08-22 12:21:14,226 [INFO] UserAuth:393 - Internet connection configuration mode: 1
2023-08-22 12:21:14,260 [INFO] JxBrowserEngine:151 - Initiate JxBrowser Engine with user profile folder
2023-08-22 12:21:14,405 [INFO] CheckServerUpdateThread:120 - End of CheckServer Thread
2023-08-22 12:21:15,545 [INFO] WebApp:157 - Instantiating new browser for Auth
2023-08-22 12:21:16,070 [WARN] PackLoader:240 - Cannot read IP mode file for STMicroelectronics.X-CUBE-SMBUS.2.1.0
2023-08-22 12:21:16,147 [WARN] PackLoader:240 - Cannot read IP mode file for STMicroelectronics.X-CUBE-AZRTOS-F7.1.1.0
2023-08-22 12:21:16,185 [WARN] PackLoader:240 - Cannot read IP mode file for STMicroelectronics.FP-SNS-MOTENV1.4.3.2
2023-08-22 12:21:16,213 [WARN] PackLoader:240 - Cannot read IP mode file for STMicroelectronics.X-CUBE-BLE1.6.2.4
2023-08-22 12:21:16,225 [WARN] PackLoader:240 - Cannot read IP mode file for STMicroelectronics.FP-SNS-FLIGHT1.5.0.2
2023-08-22 12:21:16,253 [WARN] PackLoader:240 - Cannot read IP mode file for STMicroelectronics.X-CUBE-DISPLAY.3.0.0
2023-08-22 12:21:16,277 [WARN] PackLoader:240 - Cannot read IP mode file for STMicroelectronics.X-CUBE-BLE1.7.0.0
2023-08-22 12:21:16,291 [WARN] PackLoader:240 - Cannot read IP mode file for emotas.I-CUBE-CANOPEN.1.3.0
2023-08-22 12:21:16,302 [WARN] PackLoader:240 - Cannot read IP mode file for STMicroelectronics.X-CUBE-TOUCHGFX.4.22.0
2023-08-22 12:21:16,344 [INFO] LogOutputStream:77 - [STDOUT_REDIRECT] 1 : Invalid condition id : UX_CORESTACK_Condition cause : null
2023-08-22 12:21:16,347 [INFO] LogOutputStream:77 - [STDOUT_REDIRECT] 1 : Invalid condition id : UX_CORESTACK_Condition cause : null
2023-08-22 12:21:16,351 [INFO] LogOutputStream:77 - [STDOUT_REDIRECT] 1 : Invalid condition id : UX_CORESTACK_Condition cause : null
2023-08-22 12:21:16,354 [INFO] LogOutputStream:77 - [STDOUT_REDIRECT] 1 : Invalid condition id : UX_CORESTACK_Condition cause : null
2023-08-22 12:21:16,359 [INFO] LogOutputStream:77 - [STDOUT_REDIRECT] 1 : Invalid condition id : UX_CORESTACK_Condition cause : null
2023-08-22 12:21:16,375 [WARN] PackLoader:240 - Cannot read IP mode file for STMicroelectronics.X-CUBE-AZRTOS-WL.2.0.0
2023-08-22 12:21:16,397 [WARN] PackLoader:240 - Cannot read IP mode file for WES.I-CUBE-Cesium.1.3.0
2023-08-22 12:21:16,415 [WARN] PackLoader:240 - Cannot read IP mode file for STMicroelectronics.X-CUBE-BLE2.3.3.0
2023-08-22 12:21:16,435 [WARN] PackLoader:240 - Cannot read IP mode file for STMicroelectronics.X-CUBE-ALGOBUILD.1.3.0
2023-08-22 12:21:16,501 [WARN] PackLoader:240 - Cannot read IP mode file for STMicroelectronics.X-CUBE-AZRTOS-G0.1.1.0
2023-08-22 12:21:16,527 [WARN] PackLoader:240 - Cannot read IP mode file for STMicroelectronics.X-CUBE-NFC4.3.0.0
2023-08-22 12:21:16,540 [WARN] PackLoader:240 - Cannot read IP mode file for STMicroelectronics.FP-ATR-SIGFOX1.3.2.0
2023-08-22 12:21:16,655 [WARN] PackLoader:240 - Cannot read IP mode file for SEGGER.I-CUBE-embOS.1.3.1
2023-08-22 12:21:16,794 [WARN] PackLoader:240 - Cannot read IP mode file for STMicroelectronics.X-CUBE-GNSS1.6.0.0
2023-08-22 12:21:16,857 [WARN] PackLoader:240 - Cannot read IP mode file for STMicroelectronics.X-CUBE-AZRTOS-F4.1.1.0
2023-08-22 12:21:16,872 [WARN] PackLoader:240 - Cannot read IP mode file for wolfSSL.I-CUBE-wolfSSL.5.6.3
2023-08-22 12:21:16,921 [WARN] PackLoader:240 - Cannot read IP mode file for STMicroelectronics.X-CUBE-AZRTOS-L5.2.0.0
2023-08-22 12:21:17,056 [WARN] PackLoader:240 - Cannot read IP mode file for STMicroelectronics.X-CUBE-MEMS1.9.6.0
2023-08-22 12:21:17,148 [INFO] WebApp:753 - Register for checkConnection events
2023-08-22 12:21:17,148 [INFO] WebApp:390 - Apply proxy settings
2023-08-22 12:21:17,149 [INFO] WebApp:475 - Chromium requires no authentication
2023-08-22 12:21:17,197 [INFO] WebApp:418 - Direct internet connection detected
2023-08-22 12:21:17,516 [WARN] PackLoader:240 - Cannot read IP mode file for STMicroelectronics.X-CUBE-BLEMGR.2.0.0
2023-08-22 12:21:17,579 [WARN] ConditionMgr:438 - getConditionDescription Invalid condition id : UX DEVICE CLASS RTOS Condition cause : null
2023-08-22 12:21:17,580 [WARN] ConditionMgr:438 - getConditionDescription Invalid condition id : UX DEVICE CLASS RTOS Condition cause : null
2023-08-22 12:21:17,592 [WARN] PackLoader:240 - Cannot read IP mode file for STMicroelectronics.X-CUBE-AZRTOS-H7.3.1.0
2023-08-22 12:21:17,595 [WARN] ConditionMgr:1039 - genDependencies : Invalid condition id : UX DEVICE CLASS RTOS Condition cause : null
2023-08-22 12:21:17,596 [WARN] ConditionMgr:1039 - genDependencies : Invalid condition id : UX DEVICE CLASS RTOS Condition cause : null
2023-08-22 12:21:17,598 [WARN] ConditionMgr:1039 - genDependencies : Invalid condition id : UX DEVICE CLASS RTOS Condition cause : null
2023-08-22 12:21:17,600 [WARN] ConditionMgr:1039 - genDependencies : Invalid condition id : UX DEVICE CLASS RTOS Condition cause : null
2023-08-22 12:21:17,600 [WARN] ConditionMgr:1039 - genDependencies : Invalid condition id : UX DEVICE CLASS RTOS Condition cause : null
2023-08-22 12:21:17,618 [WARN] PackLoader:240 - Cannot read IP mode file for STMicroelectronics.X-CUBE-NFC7.1.0.1
2023-08-22 12:21:17,632 [WARN] PackLoader:240 - Cannot read IP mode file for STMicroelectronics.X-CUBE-EEPRMA1.4.1.0
2023-08-22 12:21:17,646 [WARN] PackLoader:240 - Cannot read IP mode file for STMicroelectronics.X-CUBE-AI.8.1.0
2023-08-22 12:21:17,723 [WARN] ConditionMgr:438 - getConditionDescription Invalid condition id : LAN8742 Phy interface Condition cause : null
2023-08-22 12:21:17,725 [WARN] PackLoader:240 - Cannot read IP mode file for STMicroelectronics.X-CUBE-AZRTOS-L4.2.0.0
2023-08-22 12:21:17,728 [WARN] ConditionMgr:1039 - genDependencies : Invalid condition id : LAN8742 Phy interface Condition cause : null
2023-08-22 12:21:17,729 [WARN] ConditionMgr:1039 - genDependencies : Invalid condition id : LAN8742 Phy interface Condition cause : null
2023-08-22 12:21:17,732 [WARN] ConditionMgr:1039 - genDependencies : Invalid condition id : LAN8742 Phy interface Condition cause : null
2023-08-22 12:21:17,758 [WARN] PackLoader:240 - Cannot read IP mode file for STMicroelectronics.X-CUBE-SFXS2LP1.4.0.0
2023-08-22 12:21:17,772 [WARN] PackLoader:240 - Cannot read IP mode file for STMicroelectronics.X-CUBE-ISPU.1.1.0
2023-08-22 12:21:17,817 [WARN] ConditionMgr:438 - getConditionDescription Invalid condition id : UX DEVICE CLASS RTOS Condition cause : null
2023-08-22 12:21:17,818 [WARN] ConditionMgr:438 - getConditionDescription Invalid condition id : UX DEVICE CLASS RTOS Condition cause : null
2023-08-22 12:21:17,822 [INFO] WebApp:188 - Starting web application
2023-08-22 12:21:17,822 [INFO] WebApp:520 - Web application path used C:\ST\STM32CubeIDE_1.13.0\STM32CubeIDE\plugins\com.st.stm32cube.common.mx_6.9.0.202307051724\db\plugins\mcufinder\reactClient1\index.html
2023-08-22 12:21:17,826 [WARN] PackLoader:240 - Cannot read IP mode file for STMicroelectronics.X-CUBE-AZRTOS-WB.2.0.0
2023-08-22 12:21:17,828 [WARN] ConditionMgr:1039 - genDependencies : Invalid condition id : UX DEVICE CLASS RTOS Condition cause : null
2023-08-22 12:21:17,828 [WARN] ConditionMgr:1039 - genDependencies : Invalid condition id : UX DEVICE CLASS RTOS Condition cause : null
2023-08-22 12:21:17,829 [WARN] ConditionMgr:1039 - genDependencies : Invalid condition id : UX DEVICE CLASS RTOS Condition cause : null
2023-08-22 12:21:17,831 [WARN] ConditionMgr:1039 - genDependencies : Invalid condition id : UX DEVICE CLASS RTOS Condition cause : null
2023-08-22 12:21:17,831 [WARN] ConditionMgr:1039 - genDependencies : Invalid condition id : UX DEVICE CLASS RTOS Condition cause : null
2023-08-22 12:21:17,888 [WARN] PackLoader:240 - Cannot read IP mode file for STMicroelectronics.X-CUBE-FREERTOS.1.0.1
2023-08-22 12:21:17,934 [WARN] PackLoader:240 - Cannot read IP mode file for STMicroelectronics.X-CUBE-AZRTOS-L5.1.1.0
2023-08-22 12:21:17,964 [WARN] PackLoader:240 - Cannot read IP mode file for STMicroelectronics.X-CUBE-SUBG2.5.0.0
2023-08-22 12:21:18,018 [WARN] PackLoader:240 - Cannot read IP mode file for STMicroelectronics.X-CUBE-TOF1.3.3.1
2023-08-22 12:21:18,080 [WARN] PackLoader:240 - Cannot read IP mode file for STMicroelectronics.X-CUBE-AZRTOS-G4.2.0.0
2023-08-22 12:21:18,100 [WARN] PackLoader:240 - Cannot read IP mode file for portGmbH.I-Cube-SoM-uGOAL.1.1.0
2023-08-22 12:21:18,112 [WARN] PackLoader:240 - Cannot read IP mode file for STMicroelectronics.X-CUBE-ALS.1.0.1
2023-08-22 12:21:18,154 [WARN] PackLoader:240 - Cannot read IP mode file for STMicroelectronics.X-CUBE-AZRTOS-WB.1.1.0
2023-08-22 12:21:18,169 [WARN] PackLoader:240 - Cannot read IP mode file for STMicroelectronics.FP-ATR-ASTRA1.2.0.0
2023-08-22 12:21:18,171 [INFO] ThirdParty:978 - Integrity check success = true
2023-08-22 12:21:18,171 [INFO] IntegrityCheckThread:100 - exiting critical section [integrity check]
2023-08-22 12:21:18,171 [INFO] IntegrityCheckThread:103 - End integrity checks thread
2023-08-22 12:21:39,487 [ERROR] LogOutputStream:75 - [STDERR_REDIRECT] SLF4J: Failed to load class "org.slf4j.impl.StaticLoggerBinder".
2023-08-22 12:21:39,488 [ERROR] LogOutputStream:75 - [STDERR_REDIRECT] SLF4J: Defaulting to no-operation (NOP) logger implementation
2023-08-22 12:21:39,490 [ERROR] LogOutputStream:75 - [STDERR_REDIRECT] SLF4J: See http://www.slf4j.org/codes.html#StaticLoggerBinder for further details.
2023-08-22 14:53:29,617 [ERROR] LogOutputStream:75 - [STDERR_REDIRECT] 
2023-08-22 16:18:59,038 [INFO] Activator:176 - 


2023-08-22 16:18:59,041 [INFO] Activator:177 - !SESSION log4j initialized
2023-08-22 16:19:03,233 [INFO] LogOutputStream:77 - [STDOUT_REDIRECT] 
2023-08-22 16:19:04,875 [INFO] ApplicationProperties:184 - Using Application install path: C:\ST\STM32CubeIDE_1.13.0\STM32CubeIDE\plugins\com.st.stm32cube.common.mx_6.9.0.202307051724
2023-08-22 16:19:04,901 [INFO] DbMcusXml:78 - Set database path to: C:\ST\STM32CubeIDE_1.13.0\STM32CubeIDE\plugins\com.st.stm32cube.common.mx_6.9.0.202307051724\\db\/mcu/
2023-08-22 16:19:04,901 [INFO] ApiDb:274 - Set plugin database path to: C:\ST\STM32CubeIDE_1.13.0\STM32CubeIDE\plugins\com.st.stm32cube.common.mx_6.9.0.202307051724\\db\/plugins/boardmanager/
2023-08-22 16:19:04,902 [WARN] ApiDb:259 - Overriding images path with different value:  => C:\ST\STM32CubeIDE_1.13.0\STM32CubeIDE\plugins\com.st.stm32cube.common.mx_6.9.0.202307051724\\db\/plugins/mcufinder/images/
2023-08-22 16:19:04,921 [INFO] ApiDb:250 - Set database path to: C:\Users\malef\.stmcufinder\plugins\mcufinder//mcu/
2023-08-22 16:19:04,924 [INFO] DbMcusAds:125 - Set database path to: C:\Users\malef\.stmcufinder\plugins\mcufinder//mcu/
2023-08-22 16:19:04,926 [INFO] CrossReferenceDbSqlite:203 - Set database path to: C:\Users\malef\.stmcufinder\plugins\mcufinder//mcu/cs/
2023-08-22 16:19:05,033 [INFO] RulesReader:64 - Compatibility file has been processed (293 Rules)
2023-08-22 16:19:05,150 [INFO] DbMcusXml:78 - Set database path to: C:\ST\STM32CubeIDE_1.13.0\STM32CubeIDE\plugins\com.st.stm32cube.common.mx_6.9.0.202307051724\\db\/mcu/
2023-08-22 16:19:05,151 [INFO] ApiDb:274 - Set plugin database path to: C:\ST\STM32CubeIDE_1.13.0\STM32CubeIDE\plugins\com.st.stm32cube.common.mx_6.9.0.202307051724\\db\/plugins/boardmanager/
2023-08-22 16:19:05,151 [INFO] ApiDb:261 - Set plugin images path to: C:\ST\STM32CubeIDE_1.13.0\STM32CubeIDE\plugins\com.st.stm32cube.common.mx_6.9.0.202307051724\\db\/plugins/mcufinder/images/
2023-08-22 16:19:05,151 [WARN] DbFile:41 - Overriding database path with different value: C:\Users\malef\.stmcufinder\plugins\mcufinder/ => C:\Users\malef\.stmcufinder\plugins\mcufinder
2023-08-22 16:19:05,151 [INFO] ApiDb:250 - Set database path to: C:\Users\malef\.stmcufinder\plugins\mcufinder//mcu/
2023-08-22 16:19:05,151 [WARN] DbFile:41 - Overriding database path with different value: C:\Users\malef\.stmcufinder\plugins\mcufinder/ => C:\Users\malef\.stmcufinder\plugins\mcufinder
2023-08-22 16:19:05,152 [INFO] DbMcusAds:125 - Set database path to: C:\Users\malef\.stmcufinder\plugins\mcufinder//mcu/
2023-08-22 16:19:05,152 [WARN] DbFile:41 - Overriding database path with different value: C:\Users\malef\.stmcufinder\plugins\mcufinder/ => C:\Users\malef\.stmcufinder\plugins\mcufinder
2023-08-22 16:19:05,152 [WARN] DbFile:41 - Overriding database path with different value: C:\Users\malef\.stmcufinder\plugins\mcufinder/ => C:\Users\malef\.stmcufinder\plugins\mcufinder
2023-08-22 16:19:05,152 [INFO] CrossReferenceDbSqlite:203 - Set database path to: C:\Users\malef\.stmcufinder\plugins\mcufinder//mcu/cs/
2023-08-22 16:19:05,264 [INFO] MainPanel:262 - HeapMemory: 268435456
2023-08-22 16:19:05,435 [INFO] DbMcusXml:78 - Set database path to: C:\ST\STM32CubeIDE_1.13.0\STM32CubeIDE\plugins\com.st.stm32cube.common.mx_6.9.0.202307051724\\db\/mcu/
2023-08-22 16:19:05,436 [INFO] ApiDb:274 - Set plugin database path to: C:\ST\STM32CubeIDE_1.13.0\STM32CubeIDE\plugins\com.st.stm32cube.common.mx_6.9.0.202307051724\\db\/plugins/boardmanager/
2023-08-22 16:19:05,436 [INFO] ApiDb:261 - Set plugin images path to: C:\ST\STM32CubeIDE_1.13.0\STM32CubeIDE\plugins\com.st.stm32cube.common.mx_6.9.0.202307051724\\db\/plugins/mcufinder/images/
2023-08-22 16:19:05,437 [WARN] DbFile:41 - Overriding database path with different value: C:\Users\malef\.stmcufinder\plugins\mcufinder/ => C:\Users\malef\.stmcufinder\plugins\mcufinder
2023-08-22 16:19:05,437 [INFO] ApiDb:250 - Set database path to: C:\Users\malef\.stmcufinder\plugins\mcufinder//mcu/
2023-08-22 16:19:05,437 [WARN] DbFile:41 - Overriding database path with different value: C:\Users\malef\.stmcufinder\plugins\mcufinder/ => C:\Users\malef\.stmcufinder\plugins\mcufinder
2023-08-22 16:19:05,437 [INFO] DbMcusAds:125 - Set database path to: C:\Users\malef\.stmcufinder\plugins\mcufinder//mcu/
2023-08-22 16:19:05,437 [WARN] DbFile:41 - Overriding database path with different value: C:\Users\malef\.stmcufinder\plugins\mcufinder/ => C:\Users\malef\.stmcufinder\plugins\mcufinder
2023-08-22 16:19:05,437 [WARN] DbFile:41 - Overriding database path with different value: C:\Users\malef\.stmcufinder\plugins\mcufinder/ => C:\Users\malef\.stmcufinder\plugins\mcufinder
2023-08-22 16:19:05,437 [INFO] CrossReferenceDbSqlite:203 - Set database path to: C:\Users\malef\.stmcufinder\plugins\mcufinder//mcu/cs/
2023-08-22 16:19:05,466 [INFO] ApplicationProperties:184 - Using Application install path: C:\ST\STM32CubeIDE_1.13.0\STM32CubeIDE\plugins\com.st.stm32cube.common.mx_6.9.0.202307051724
2023-08-22 16:19:05,468 [INFO] PluginManage:196 - Search for loadable plugins [exclusion list=, ]
2023-08-22 16:19:05,470 [INFO] PluginManage:310 - Check plugin analytics
2023-08-22 16:19:05,668 [INFO] AnalyticsPlugin:253 - Accepted Software Licenses: 
2023-08-22 16:19:05,669 [INFO] AnalyticsPlugin:255 - Accepted CMSIS Pack Licenses: 
2023-08-22 16:19:05,669 [INFO] AnalyticsPlugin:257 - Accepted Firmware Licenses: FW.F4.1.27.0
2023-08-22 16:19:05,672 [INFO] PluginManage:359 - Loaded plugin analytics (category:tool,tabindex:-1)
2023-08-22 16:19:05,672 [INFO] PluginManage:310 - Check plugin cadmodel
2023-08-22 16:19:05,680 [INFO] CADModel:105 - Init CAD model plugin
2023-08-22 16:19:05,680 [INFO] PluginManage:359 - Loaded plugin cadmodel (category:power,tabindex:5)
2023-08-22 16:19:05,681 [INFO] PluginManage:310 - Check plugin clock
2023-08-22 16:19:05,693 [INFO] PluginManage:359 - Loaded plugin clock (category:base,tabindex:2)
2023-08-22 16:19:05,693 [INFO] PluginManage:310 - Check plugin ddr
2023-08-22 16:19:05,697 [INFO] PluginManage:359 - Loaded plugin ddr (category:tool,tabindex:6)
2023-08-22 16:19:05,697 [INFO] PluginManage:310 - Check plugin filemanager
2023-08-22 16:19:05,861 [INFO] PluginManage:359 - Loaded plugin filemanager (category:base,tabindex:10)
2023-08-22 16:19:05,861 [INFO] PluginManage:310 - Check plugin ipmanager
2023-08-22 16:19:05,874 [INFO] PluginManage:359 - Loaded plugin ipmanager (category:base,tabindex:5)
2023-08-22 16:19:05,874 [INFO] PluginManage:310 - Check plugin lpbam
2023-08-22 16:19:05,874 [INFO] PluginManage:359 - Loaded plugin lpbam (category:base,tabindex:0)
2023-08-22 16:19:05,874 [INFO] PluginManage:310 - Check plugin memorymap
2023-08-22 16:19:05,893 [INFO] PluginManage:359 - Loaded plugin memorymap (category:base,tabindex:4)
2023-08-22 16:19:05,893 [INFO] PluginManage:310 - Check plugin pinoutandconfiguration
2023-08-22 16:19:05,906 [INFO] PluginManage:359 - Loaded plugin pinoutandconfiguration (category:base,tabindex:1)
2023-08-22 16:19:05,906 [INFO] PluginManage:310 - Check plugin pinoutconfig
2023-08-22 16:19:06,016 [WARN] SupportedApi:132 - Cannot load RTOS API schema: s4s-elt-must-match.1: The content of 'definitions' must match (annotation?, (simpleType | complexType)?, (unique | key | keyref)*)). A problem was found starting at: attribute.
2023-08-22 16:19:06,209 [INFO] PluginManage:359 - Loaded plugin pinoutconfig (category:base,tabindex:0)
2023-08-22 16:19:06,209 [INFO] PluginManage:310 - Check plugin power
2023-08-22 16:19:06,238 [INFO] PluginManage:359 - Loaded plugin power (category:power,tabindex:4)
2023-08-22 16:19:06,238 [INFO] PluginManage:310 - Check plugin projectmanager
2023-08-22 16:19:06,267 [INFO] PluginManage:359 - Loaded plugin projectmanager (category:projectmanager,tabindex:3)
2023-08-22 16:19:06,267 [INFO] PluginManage:310 - Check plugin thirdparty
2023-08-22 16:19:06,427 [INFO] PluginManage:359 - Loaded plugin thirdparty (category:base,tabindex:-1)
2023-08-22 16:19:06,427 [INFO] PluginManage:310 - Check plugin tools
2023-08-22 16:19:06,427 [WARN] IntegrityCheckThread:84 - waiting for thirdparty lock release [integrity check]
2023-08-22 16:19:06,427 [INFO] IntegrityCheckThread:86 - entering critical section [integrity check]
2023-08-22 16:19:06,441 [INFO] ThirdPartyUpdaterWithRetryManager:70 - Updater plugin not ready yet. [1/15]
2023-08-22 16:19:06,443 [INFO] PluginManage:359 - Loaded plugin tools (category:base,tabindex:7)
2023-08-22 16:19:06,444 [INFO] PluginManage:310 - Check plugin tutovideos
2023-08-22 16:19:06,653 [INFO] PluginManage:359 - Loaded plugin tutovideos (category:base,tabindex:-1)
2023-08-22 16:19:06,653 [INFO] PluginManage:310 - Check plugin updater
2023-08-22 16:19:06,664 [INFO] PluginManage:359 - Loaded plugin updater (category:base,tabindex:12)
2023-08-22 16:19:06,664 [INFO] PluginManage:310 - Check plugin userauth
2023-08-22 16:19:06,664 [INFO] UserAuth:113 - Init User Auth plugin
2023-08-22 16:19:06,664 [INFO] PluginManage:359 - Loaded plugin userauth (category:base,tabindex:14)
2023-08-22 16:19:06,664 [INFO] PluginManage:283 - PluginManage : Loaded plugins [17]
2023-08-22 16:19:06,968 [INFO] PinOutPanel:1499 - setPackage(No Configuration,No Configuration)
2023-08-22 16:19:07,096 [INFO] CADModel:165 - CPN selected for project level
2023-08-22 16:19:07,096 [INFO] CADModel:114 - Register for checkConnection events
2023-08-22 16:19:07,112 [INFO] IPUIPlugin:80 - create IPUIPlugin
2023-08-22 16:19:07,112 [INFO] PluginManager:220 - loadIPPluginJar : add adc
2023-08-22 16:19:07,127 [INFO] IPUIPlugin:80 - create IPUIPlugin
2023-08-22 16:19:07,127 [INFO] PluginManager:220 - loadIPPluginJar : add aes
2023-08-22 16:19:07,127 [INFO] IPUIPlugin:80 - create IPUIPlugin
2023-08-22 16:19:07,127 [INFO] PluginManager:220 - loadIPPluginJar : add can
2023-08-22 16:19:07,127 [INFO] IPUIPlugin:80 - create IPUIPlugin
2023-08-22 16:19:07,127 [INFO] PluginManager:220 - loadIPPluginJar : add comp
2023-08-22 16:19:07,127 [INFO] IPUIPlugin:80 - create IPUIPlugin
2023-08-22 16:19:07,127 [INFO] PluginManager:220 - loadIPPluginJar : add cryp
2023-08-22 16:19:07,127 [INFO] IPUIPlugin:80 - create IPUIPlugin
2023-08-22 16:19:07,127 [INFO] PluginManager:220 - loadIPPluginJar : add dfsdm
2023-08-22 16:19:07,144 [INFO] IPUIPlugin:80 - create IPUIPlugin
2023-08-22 16:19:07,144 [INFO] PluginManager:220 - loadIPPluginJar : add dma
2023-08-22 16:19:07,144 [INFO] IPUIPlugin:80 - create IPUIPlugin
2023-08-22 16:19:07,144 [INFO] PluginManager:220 - loadIPPluginJar : add dma3
2023-08-22 16:19:07,144 [INFO] IPUIPlugin:80 - create IPUIPlugin
2023-08-22 16:19:07,144 [INFO] PluginManager:220 - loadIPPluginJar : add fatfs
2023-08-22 16:19:07,144 [INFO] IPUIPlugin:80 - create IPUIPlugin
2023-08-22 16:19:07,144 [INFO] PluginManager:220 - loadIPPluginJar : add fmc
2023-08-22 16:19:07,159 [INFO] IPUIPlugin:80 - create IPUIPlugin
2023-08-22 16:19:07,159 [INFO] PluginManager:220 - loadIPPluginJar : add freertos
2023-08-22 16:19:07,159 [INFO] IPUIPlugin:80 - create IPUIPlugin
2023-08-22 16:19:07,159 [INFO] PluginManager:220 - loadIPPluginJar : add genericplugin
2023-08-22 16:19:07,159 [INFO] IPUIPlugin:80 - create IPUIPlugin
2023-08-22 16:19:07,159 [INFO] PluginManager:220 - loadIPPluginJar : add gfxmmu
2023-08-22 16:19:07,159 [INFO] IPUIPlugin:80 - create IPUIPlugin
2023-08-22 16:19:07,159 [INFO] PluginManager:220 - loadIPPluginJar : add gic
2023-08-22 16:19:07,175 [INFO] IPUIPlugin:80 - create IPUIPlugin
2023-08-22 16:19:07,175 [INFO] PluginManager:220 - loadIPPluginJar : add gpio
2023-08-22 16:19:07,175 [INFO] IPUIPlugin:80 - create IPUIPlugin
2023-08-22 16:19:07,175 [INFO] PluginManager:220 - loadIPPluginJar : add gtzc
2023-08-22 16:19:07,190 [INFO] IPUIPlugin:80 - create IPUIPlugin
2023-08-22 16:19:07,190 [INFO] PluginManager:220 - loadIPPluginJar : add hash
2023-08-22 16:19:07,195 [INFO] IPUIPlugin:80 - create IPUIPlugin
2023-08-22 16:19:07,195 [INFO] PluginManager:220 - loadIPPluginJar : add i2c
2023-08-22 16:19:07,195 [INFO] IPUIPlugin:80 - create IPUIPlugin
2023-08-22 16:19:07,195 [INFO] PluginManager:220 - loadIPPluginJar : add i2s
2023-08-22 16:19:07,195 [INFO] IPUIPlugin:80 - create IPUIPlugin
2023-08-22 16:19:07,195 [INFO] PluginManager:220 - loadIPPluginJar : add i3c
2023-08-22 16:19:07,206 [INFO] IPUIPlugin:80 - create IPUIPlugin
2023-08-22 16:19:07,206 [INFO] PluginManager:220 - loadIPPluginJar : add ipddr
2023-08-22 16:19:07,206 [INFO] IPUIPlugin:80 - create IPUIPlugin
2023-08-22 16:19:07,206 [INFO] PluginManager:220 - loadIPPluginJar : add linkedlist
2023-08-22 16:19:07,206 [INFO] IPUIPlugin:80 - create IPUIPlugin
2023-08-22 16:19:07,206 [INFO] PluginManager:220 - loadIPPluginJar : add lorawan
2023-08-22 16:19:07,206 [INFO] IPUIPlugin:80 - create IPUIPlugin
2023-08-22 16:19:07,206 [INFO] PluginManager:220 - loadIPPluginJar : add ltdc
2023-08-22 16:19:07,222 [INFO] IPUIPlugin:80 - create IPUIPlugin
2023-08-22 16:19:07,222 [INFO] PluginManager:220 - loadIPPluginJar : add mdma
2023-08-22 16:19:07,238 [INFO] IPUIPlugin:80 - create IPUIPlugin
2023-08-22 16:19:07,238 [INFO] PluginManager:220 - loadIPPluginJar : add nvic
2023-08-22 16:19:07,238 [INFO] IPUIPlugin:80 - create IPUIPlugin
2023-08-22 16:19:07,238 [INFO] PluginManager:220 - loadIPPluginJar : add opamp
2023-08-22 16:19:07,238 [INFO] IPUIPlugin:80 - create IPUIPlugin
2023-08-22 16:19:07,238 [INFO] PluginManager:220 - loadIPPluginJar : add openamp
2023-08-22 16:19:07,238 [INFO] IPUIPlugin:80 - create IPUIPlugin
2023-08-22 16:19:07,238 [INFO] PluginManager:220 - loadIPPluginJar : add pdm2pcm
2023-08-22 16:19:07,253 [INFO] IPUIPlugin:80 - create IPUIPlugin
2023-08-22 16:19:07,253 [INFO] PluginManager:220 - loadIPPluginJar : add plateformsettings
2023-08-22 16:19:07,253 [INFO] IPUIPlugin:80 - create IPUIPlugin
2023-08-22 16:19:07,253 [INFO] PluginManager:220 - loadIPPluginJar : add quadspi
2023-08-22 16:19:07,269 [INFO] IPUIPlugin:80 - create IPUIPlugin
2023-08-22 16:19:07,269 [INFO] PluginManager:220 - loadIPPluginJar : add resmgrutility
2023-08-22 16:19:07,269 [INFO] IPUIPlugin:80 - create IPUIPlugin
2023-08-22 16:19:07,269 [INFO] PluginManager:220 - loadIPPluginJar : add sai
2023-08-22 16:19:07,269 [INFO] IPUIPlugin:80 - create IPUIPlugin
2023-08-22 16:19:07,269 [INFO] PluginManager:220 - loadIPPluginJar : add spi
2023-08-22 16:19:07,284 [INFO] IPUIPlugin:80 - create IPUIPlugin
2023-08-22 16:19:07,284 [INFO] PluginManager:220 - loadIPPluginJar : add stm32_wpan
2023-08-22 16:19:07,288 [INFO] IPUIPlugin:80 - create IPUIPlugin
2023-08-22 16:19:07,288 [INFO] PluginManager:220 - loadIPPluginJar : add tim
2023-08-22 16:19:07,288 [INFO] IPUIPlugin:80 - create IPUIPlugin
2023-08-22 16:19:07,288 [INFO] PluginManager:220 - loadIPPluginJar : add touchsensing
2023-08-22 16:19:07,295 [INFO] IPUIPlugin:80 - create IPUIPlugin
2023-08-22 16:19:07,295 [INFO] PluginManager:220 - loadIPPluginJar : add tracer_emb
2023-08-22 16:19:07,295 [INFO] IPUIPlugin:80 - create IPUIPlugin
2023-08-22 16:19:07,295 [INFO] PluginManager:220 - loadIPPluginJar : add ts
2023-08-22 16:19:07,295 [INFO] IPUIPlugin:80 - create IPUIPlugin
2023-08-22 16:19:07,295 [INFO] PluginManager:220 - loadIPPluginJar : add tsc
2023-08-22 16:19:07,302 [INFO] IPUIPlugin:80 - create IPUIPlugin
2023-08-22 16:19:07,302 [INFO] PluginManager:220 - loadIPPluginJar : add ucpd
2023-08-22 16:19:07,302 [INFO] IPUIPlugin:80 - create IPUIPlugin
2023-08-22 16:19:07,302 [INFO] PluginManager:220 - loadIPPluginJar : add usart
2023-08-22 16:19:07,302 [INFO] IPUIPlugin:80 - create IPUIPlugin
2023-08-22 16:19:07,302 [INFO] PluginManager:220 - loadIPPluginJar : add usbx
2023-08-22 16:19:07,441 [INFO] CADModel:165 - CPN selected for project level
2023-08-22 16:19:07,441 [INFO] CADModel:114 - Register for checkConnection events
2023-08-22 16:19:07,441 [FATAL] Updater:308 - Updater called before beeing initialized
2023-08-22 16:19:07,441 [ERROR] CADModel:125 - Updater not yet initialized, retry later 
2023-08-22 16:19:07,627 [INFO] CADModel:165 - CPN selected for project level
2023-08-22 16:19:07,627 [INFO] CADModel:114 - Register for checkConnection events
2023-08-22 16:19:07,627 [FATAL] Updater:308 - Updater called before beeing initialized
2023-08-22 16:19:07,627 [ERROR] CADModel:125 - Updater not yet initialized, retry later 
2023-08-22 16:19:07,627 [FATAL] Updater:308 - Updater called before beeing initialized
2023-08-22 16:19:07,739 [FATAL] Updater:308 - Updater called before beeing initialized
2023-08-22 16:19:07,739 [INFO] DbMcusAds:53 - JSON generation date=Tue Mar 07 10:50:55 SAST 2023 (1678179055114)
2023-08-22 16:19:07,739 [FATAL] Updater:308 - Updater called before beeing initialized
2023-08-22 16:19:07,785 [WARN] DetailPanel:346 - Failed to get advertising image, set to default
2023-08-22 16:19:07,862 [FATAL] Updater:308 - Updater called before beeing initialized
2023-08-22 16:19:07,864 [FATAL] Updater:308 - Updater called before beeing initialized
2023-08-22 16:19:07,864 [FATAL] Updater:308 - Updater called before beeing initialized
2023-08-22 16:19:07,864 [WARN] DetailPanel:346 - Failed to get advertising image, set to default
2023-08-22 16:19:07,865 [FATAL] Updater:308 - Updater called before beeing initialized
2023-08-22 16:19:07,909 [ERROR] Updater:1120 - MainUpdater not yet initialized. External WinMGr cannot be set.
2023-08-22 16:19:07,909 [INFO] Updater:1056 - Updater Version found : 6.9.0
2023-08-22 16:19:07,924 [INFO] ApplicationProperties:184 - Using Application install path: C:\ST\STM32CubeIDE_1.13.0\STM32CubeIDE\plugins\com.st.stm32cube.common.mx_6.9.0.202307051724
2023-08-22 16:19:08,050 [INFO] MainUpdater:2868 - connection check result : 10
2023-08-22 16:19:08,050 [INFO] MainUpdater:285 - Updater Check For Update Now.
2023-08-22 16:19:08,050 [INFO] MicroXplorer:498 - Change Database Version : DB.6.0.90
2023-08-22 16:19:08,055 [INFO] McuFinderGlobals:63 - Set McuFinder mode to 2 (CubeIDE integrated)
2023-08-22 16:19:08,055 [INFO] UserAuth:179 - activating auth plugin
2023-08-22 16:19:08,055 [INFO] UserAuth:393 - Internet connection configuration mode: 1
2023-08-22 16:19:08,102 [INFO] JxBrowserEngine:151 - Initiate JxBrowser Engine with user profile folder
2023-08-22 16:19:08,251 [INFO] CheckServerUpdateThread:120 - End of CheckServer Thread
2023-08-22 16:19:09,423 [INFO] WebApp:157 - Instantiating new browser for Auth
2023-08-22 16:19:09,708 [WARN] PackLoader:240 - Cannot read IP mode file for STMicroelectronics.X-CUBE-SMBUS.2.1.0
2023-08-22 16:19:09,757 [WARN] PackLoader:240 - Cannot read IP mode file for STMicroelectronics.X-CUBE-AZRTOS-F7.1.1.0
2023-08-22 16:19:09,779 [WARN] PackLoader:240 - Cannot read IP mode file for STMicroelectronics.FP-SNS-MOTENV1.4.3.2
2023-08-22 16:19:09,792 [WARN] PackLoader:240 - Cannot read IP mode file for STMicroelectronics.X-CUBE-BLE1.6.2.4
2023-08-22 16:19:09,799 [WARN] PackLoader:240 - Cannot read IP mode file for STMicroelectronics.FP-SNS-FLIGHT1.5.0.2
2023-08-22 16:19:09,811 [WARN] PackLoader:240 - Cannot read IP mode file for STMicroelectronics.X-CUBE-DISPLAY.3.0.0
2023-08-22 16:19:09,825 [WARN] PackLoader:240 - Cannot read IP mode file for STMicroelectronics.X-CUBE-BLE1.7.0.0
2023-08-22 16:19:09,848 [WARN] PackLoader:240 - Cannot read IP mode file for emotas.I-CUBE-CANOPEN.1.3.0
2023-08-22 16:19:09,866 [WARN] PackLoader:240 - Cannot read IP mode file for STMicroelectronics.X-CUBE-TOUCHGFX.4.22.0
2023-08-22 16:19:09,869 [INFO] LogOutputStream:77 - [STDOUT_REDIRECT] 1 : Invalid condition id : UX_CORESTACK_Condition cause : null
2023-08-22 16:19:09,869 [INFO] LogOutputStream:77 - [STDOUT_REDIRECT] 1 : Invalid condition id : UX_CORESTACK_Condition cause : null
2023-08-22 16:19:09,869 [INFO] LogOutputStream:77 - [STDOUT_REDIRECT] 1 : Invalid condition id : UX_CORESTACK_Condition cause : null
2023-08-22 16:19:09,885 [INFO] LogOutputStream:77 - [STDOUT_REDIRECT] 1 : Invalid condition id : UX_CORESTACK_Condition cause : null
2023-08-22 16:19:09,885 [INFO] LogOutputStream:77 - [STDOUT_REDIRECT] 1 : Invalid condition id : UX_CORESTACK_Condition cause : null
2023-08-22 16:19:09,885 [WARN] PackLoader:240 - Cannot read IP mode file for STMicroelectronics.X-CUBE-AZRTOS-WL.2.0.0
2023-08-22 16:19:09,905 [WARN] PackLoader:240 - Cannot read IP mode file for WES.I-CUBE-Cesium.1.3.0
2023-08-22 16:19:09,910 [WARN] PackLoader:240 - Cannot read IP mode file for STMicroelectronics.X-CUBE-BLE2.3.3.0
2023-08-22 16:19:09,925 [WARN] PackLoader:240 - Cannot read IP mode file for STMicroelectronics.X-CUBE-ALGOBUILD.1.3.0
2023-08-22 16:19:09,943 [WARN] PackLoader:240 - Cannot read IP mode file for STMicroelectronics.X-CUBE-AZRTOS-G0.1.1.0
2023-08-22 16:19:09,950 [WARN] PackLoader:240 - Cannot read IP mode file for STMicroelectronics.X-CUBE-NFC4.3.0.0
2023-08-22 16:19:09,959 [WARN] PackLoader:240 - Cannot read IP mode file for STMicroelectronics.FP-ATR-SIGFOX1.3.2.0
2023-08-22 16:19:09,999 [WARN] PackLoader:240 - Cannot read IP mode file for SEGGER.I-CUBE-embOS.1.3.1
2023-08-22 16:19:10,037 [WARN] PackLoader:240 - Cannot read IP mode file for STMicroelectronics.X-CUBE-GNSS1.6.0.0
2023-08-22 16:19:10,056 [WARN] PackLoader:240 - Cannot read IP mode file for STMicroelectronics.X-CUBE-AZRTOS-F4.1.1.0
2023-08-22 16:19:10,064 [WARN] PackLoader:240 - Cannot read IP mode file for wolfSSL.I-CUBE-wolfSSL.5.6.3
2023-08-22 16:19:10,086 [WARN] PackLoader:240 - Cannot read IP mode file for STMicroelectronics.X-CUBE-AZRTOS-L5.2.0.0
2023-08-22 16:19:10,125 [WARN] PackLoader:240 - Cannot read IP mode file for STMicroelectronics.X-CUBE-MEMS1.9.6.0
2023-08-22 16:19:10,277 [WARN] PackLoader:240 - Cannot read IP mode file for STMicroelectronics.X-CUBE-BLEMGR.2.0.0
2023-08-22 16:19:10,298 [WARN] ConditionMgr:438 - getConditionDescription Invalid condition id : UX DEVICE CLASS RTOS Condition cause : null
2023-08-22 16:19:10,298 [WARN] ConditionMgr:438 - getConditionDescription Invalid condition id : UX DEVICE CLASS RTOS Condition cause : null
2023-08-22 16:19:10,302 [WARN] PackLoader:240 - Cannot read IP mode file for STMicroelectronics.X-CUBE-AZRTOS-H7.3.1.0
2023-08-22 16:19:10,302 [WARN] ConditionMgr:1039 - genDependencies : Invalid condition id : UX DEVICE CLASS RTOS Condition cause : null
2023-08-22 16:19:10,302 [WARN] ConditionMgr:1039 - genDependencies : Invalid condition id : UX DEVICE CLASS RTOS Condition cause : null
2023-08-22 16:19:10,302 [WARN] ConditionMgr:1039 - genDependencies : Invalid condition id : UX DEVICE CLASS RTOS Condition cause : null
2023-08-22 16:19:10,302 [WARN] ConditionMgr:1039 - genDependencies : Invalid condition id : UX DEVICE CLASS RTOS Condition cause : null
2023-08-22 16:19:10,302 [WARN] ConditionMgr:1039 - genDependencies : Invalid condition id : UX DEVICE CLASS RTOS Condition cause : null
2023-08-22 16:19:10,314 [WARN] PackLoader:240 - Cannot read IP mode file for STMicroelectronics.X-CUBE-NFC7.1.0.1
2023-08-22 16:19:10,321 [WARN] PackLoader:240 - Cannot read IP mode file for STMicroelectronics.X-CUBE-EEPRMA1.4.1.0
2023-08-22 16:19:10,326 [WARN] PackLoader:240 - Cannot read IP mode file for STMicroelectronics.X-CUBE-AI.8.1.0
2023-08-22 16:19:10,342 [WARN] ConditionMgr:438 - getConditionDescription Invalid condition id : LAN8742 Phy interface Condition cause : null
2023-08-22 16:19:10,350 [WARN] PackLoader:240 - Cannot read IP mode file for STMicroelectronics.X-CUBE-AZRTOS-L4.2.0.0
2023-08-22 16:19:10,350 [WARN] ConditionMgr:1039 - genDependencies : Invalid condition id : LAN8742 Phy interface Condition cause : null
2023-08-22 16:19:10,350 [WARN] ConditionMgr:1039 - genDependencies : Invalid condition id : LAN8742 Phy interface Condition cause : null
2023-08-22 16:19:10,350 [WARN] ConditionMgr:1039 - genDependencies : Invalid condition id : LAN8742 Phy interface Condition cause : null
2023-08-22 16:19:10,356 [WARN] PackLoader:240 - Cannot read IP mode file for STMicroelectronics.X-CUBE-SFXS2LP1.4.0.0
2023-08-22 16:19:10,365 [WARN] PackLoader:240 - Cannot read IP mode file for STMicroelectronics.X-CUBE-ISPU.1.1.0
2023-08-22 16:19:10,381 [WARN] ConditionMgr:438 - getConditionDescription Invalid condition id : UX DEVICE CLASS RTOS Condition cause : null
2023-08-22 16:19:10,381 [WARN] ConditionMgr:438 - getConditionDescription Invalid condition id : UX DEVICE CLASS RTOS Condition cause : null
2023-08-22 16:19:10,381 [WARN] PackLoader:240 - Cannot read IP mode file for STMicroelectronics.X-CUBE-AZRTOS-WB.2.0.0
2023-08-22 16:19:10,388 [WARN] ConditionMgr:1039 - genDependencies : Invalid condition id : UX DEVICE CLASS RTOS Condition cause : null
2023-08-22 16:19:10,388 [WARN] ConditionMgr:1039 - genDependencies : Invalid condition id : UX DEVICE CLASS RTOS Condition cause : null
2023-08-22 16:19:10,388 [WARN] ConditionMgr:1039 - genDependencies : Invalid condition id : UX DEVICE CLASS RTOS Condition cause : null
2023-08-22 16:19:10,388 [WARN] ConditionMgr:1039 - genDependencies : Invalid condition id : UX DEVICE CLASS RTOS Condition cause : null
2023-08-22 16:19:10,388 [WARN] ConditionMgr:1039 - genDependencies : Invalid condition id : UX DEVICE CLASS RTOS Condition cause : null
2023-08-22 16:19:10,396 [WARN] PackLoader:240 - Cannot read IP mode file for STMicroelectronics.X-CUBE-FREERTOS.1.0.1
2023-08-22 16:19:10,410 [WARN] PackLoader:240 - Cannot read IP mode file for STMicroelectronics.X-CUBE-AZRTOS-L5.1.1.0
2023-08-22 16:19:10,423 [WARN] PackLoader:240 - Cannot read IP mode file for STMicroelectronics.X-CUBE-SUBG2.5.0.0
2023-08-22 16:19:10,436 [WARN] PackLoader:240 - Cannot read IP mode file for STMicroelectronics.X-CUBE-TOF1.3.3.1
2023-08-22 16:19:10,461 [WARN] PackLoader:240 - Cannot read IP mode file for STMicroelectronics.X-CUBE-AZRTOS-G4.2.0.0
2023-08-22 16:19:10,472 [WARN] PackLoader:240 - Cannot read IP mode file for portGmbH.I-Cube-SoM-uGOAL.1.1.0
2023-08-22 16:19:10,478 [WARN] PackLoader:240 - Cannot read IP mode file for STMicroelectronics.X-CUBE-ALS.1.0.1
2023-08-22 16:19:10,495 [WARN] PackLoader:240 - Cannot read IP mode file for STMicroelectronics.X-CUBE-AZRTOS-WB.1.1.0
2023-08-22 16:19:10,499 [WARN] PackLoader:240 - Cannot read IP mode file for STMicroelectronics.FP-ATR-ASTRA1.2.0.0
2023-08-22 16:19:10,502 [INFO] ThirdParty:978 - Integrity check success = true
2023-08-22 16:19:10,502 [INFO] IntegrityCheckThread:100 - exiting critical section [integrity check]
2023-08-22 16:19:10,502 [INFO] IntegrityCheckThread:103 - End integrity checks thread
2023-08-22 16:19:10,617 [INFO] WebApp:753 - Register for checkConnection events
2023-08-22 16:19:10,617 [INFO] WebApp:390 - Apply proxy settings
2023-08-22 16:19:10,617 [INFO] WebApp:475 - Chromium requires no authentication
2023-08-22 16:19:10,634 [INFO] WebApp:418 - Direct internet connection detected
2023-08-22 16:19:10,942 [INFO] WebApp:188 - Starting web application
2023-08-22 16:19:10,942 [INFO] WebApp:520 - Web application path used C:\ST\STM32CubeIDE_1.13.0\STM32CubeIDE\plugins\com.st.stm32cube.common.mx_6.9.0.202307051724\db\plugins\mcufinder\reactClient1\index.html
2023-08-22 16:19:31,753 [ERROR] LogOutputStream:75 - [STDERR_REDIRECT] SLF4J: Failed to load class "org.slf4j.impl.StaticLoggerBinder".
2023-08-22 16:19:31,753 [ERROR] LogOutputStream:75 - [STDERR_REDIRECT] SLF4J: Defaulting to no-operation (NOP) logger implementation
2023-08-22 16:19:31,753 [ERROR] LogOutputStream:75 - [STDERR_REDIRECT] SLF4J: See http://www.slf4j.org/codes.html#StaticLoggerBinder for further details.
2023-08-22 16:32:25,327 [ERROR] LogOutputStream:75 - [STDERR_REDIRECT] 
