2023-08-29 21:23:40,270 [INFO] Activator:176 - 


2023-08-29 21:23:40,277 [INFO] Activator:177 - !SESSION log4j initialized
2023-08-29 21:23:49,517 [INFO] LogOutputStream:77 - [STDOUT_REDIRECT] 
2023-08-29 21:24:00,568 [INFO] ApplicationProperties:184 - Using Application install path: C:\ST\STM32CubeIDE_1.13.0\STM32CubeIDE\plugins\com.st.stm32cube.common.mx_6.9.0.202307051724
2023-08-29 21:24:00,599 [INFO] DbMcusXml:78 - Set database path to: C:\ST\STM32CubeIDE_1.13.0\STM32CubeIDE\plugins\com.st.stm32cube.common.mx_6.9.0.202307051724\\db\/mcu/
2023-08-29 21:24:00,599 [INFO] ApiDb:274 - Set plugin database path to: C:\ST\STM32CubeIDE_1.13.0\STM32CubeIDE\plugins\com.st.stm32cube.common.mx_6.9.0.202307051724\\db\/plugins/boardmanager/
2023-08-29 21:24:00,600 [WARN] ApiDb:259 - Overriding images path with different value:  => C:\ST\STM32CubeIDE_1.13.0\STM32CubeIDE\plugins\com.st.stm32cube.common.mx_6.9.0.202307051724\\db\/plugins/mcufinder/images/
2023-08-29 21:24:00,627 [INFO] ApiDb:250 - Set database path to: C:\Users\malef\.stmcufinder\plugins\mcufinder//mcu/
2023-08-29 21:24:00,629 [INFO] DbMcusAds:125 - Set database path to: C:\Users\malef\.stmcufinder\plugins\mcufinder//mcu/
2023-08-29 21:24:00,633 [INFO] CrossReferenceDbSqlite:203 - Set database path to: C:\Users\malef\.stmcufinder\plugins\mcufinder//mcu/cs/
2023-08-29 21:24:00,828 [INFO] RulesReader:64 - Compatibility file has been processed (293 Rules)
2023-08-29 21:24:00,964 [INFO] DbMcusXml:78 - Set database path to: C:\ST\STM32CubeIDE_1.13.0\STM32CubeIDE\plugins\com.st.stm32cube.common.mx_6.9.0.202307051724\\db\/mcu/
2023-08-29 21:24:00,964 [INFO] ApiDb:274 - Set plugin database path to: C:\ST\STM32CubeIDE_1.13.0\STM32CubeIDE\plugins\com.st.stm32cube.common.mx_6.9.0.202307051724\\db\/plugins/boardmanager/
2023-08-29 21:24:00,964 [INFO] ApiDb:261 - Set plugin images path to: C:\ST\STM32CubeIDE_1.13.0\STM32CubeIDE\plugins\com.st.stm32cube.common.mx_6.9.0.202307051724\\db\/plugins/mcufinder/images/
2023-08-29 21:24:00,965 [WARN] DbFile:41 - Overriding database path with different value: C:\Users\malef\.stmcufinder\plugins\mcufinder/ => C:\Users\malef\.stmcufinder\plugins\mcufinder
2023-08-29 21:24:00,965 [INFO] ApiDb:250 - Set database path to: C:\Users\malef\.stmcufinder\plugins\mcufinder//mcu/
2023-08-29 21:24:00,965 [WARN] DbFile:41 - Overriding database path with different value: C:\Users\malef\.stmcufinder\plugins\mcufinder/ => C:\Users\malef\.stmcufinder\plugins\mcufinder
2023-08-29 21:24:00,965 [INFO] DbMcusAds:125 - Set database path to: C:\Users\malef\.stmcufinder\plugins\mcufinder//mcu/
2023-08-29 21:24:00,965 [WARN] DbFile:41 - Overriding database path with different value: C:\Users\malef\.stmcufinder\plugins\mcufinder/ => C:\Users\malef\.stmcufinder\plugins\mcufinder
2023-08-29 21:24:00,965 [WARN] DbFile:41 - Overriding database path with different value: C:\Users\malef\.stmcufinder\plugins\mcufinder/ => C:\Users\malef\.stmcufinder\plugins\mcufinder
2023-08-29 21:24:00,965 [INFO] CrossReferenceDbSqlite:203 - Set database path to: C:\Users\malef\.stmcufinder\plugins\mcufinder//mcu/cs/
2023-08-29 21:24:01,112 [INFO] MainPanel:262 - HeapMemory: 268435456
2023-08-29 21:24:01,278 [INFO] DbMcusXml:78 - Set database path to: C:\ST\STM32CubeIDE_1.13.0\STM32CubeIDE\plugins\com.st.stm32cube.common.mx_6.9.0.202307051724\\db\/mcu/
2023-08-29 21:24:01,278 [INFO] ApiDb:274 - Set plugin database path to: C:\ST\STM32CubeIDE_1.13.0\STM32CubeIDE\plugins\com.st.stm32cube.common.mx_6.9.0.202307051724\\db\/plugins/boardmanager/
2023-08-29 21:24:01,278 [INFO] ApiDb:261 - Set plugin images path to: C:\ST\STM32CubeIDE_1.13.0\STM32CubeIDE\plugins\com.st.stm32cube.common.mx_6.9.0.202307051724\\db\/plugins/mcufinder/images/
2023-08-29 21:24:01,280 [WARN] DbFile:41 - Overriding database path with different value: C:\Users\malef\.stmcufinder\plugins\mcufinder/ => C:\Users\malef\.stmcufinder\plugins\mcufinder
2023-08-29 21:24:01,280 [INFO] ApiDb:250 - Set database path to: C:\Users\malef\.stmcufinder\plugins\mcufinder//mcu/
2023-08-29 21:24:01,281 [WARN] DbFile:41 - Overriding database path with different value: C:\Users\malef\.stmcufinder\plugins\mcufinder/ => C:\Users\malef\.stmcufinder\plugins\mcufinder
2023-08-29 21:24:01,281 [INFO] DbMcusAds:125 - Set database path to: C:\Users\malef\.stmcufinder\plugins\mcufinder//mcu/
2023-08-29 21:24:01,281 [WARN] DbFile:41 - Overriding database path with different value: C:\Users\malef\.stmcufinder\plugins\mcufinder/ => C:\Users\malef\.stmcufinder\plugins\mcufinder
2023-08-29 21:24:01,281 [WARN] DbFile:41 - Overriding database path with different value: C:\Users\malef\.stmcufinder\plugins\mcufinder/ => C:\Users\malef\.stmcufinder\plugins\mcufinder
2023-08-29 21:24:01,281 [INFO] CrossReferenceDbSqlite:203 - Set database path to: C:\Users\malef\.stmcufinder\plugins\mcufinder//mcu/cs/
2023-08-29 21:24:01,322 [INFO] ApplicationProperties:184 - Using Application install path: C:\ST\STM32CubeIDE_1.13.0\STM32CubeIDE\plugins\com.st.stm32cube.common.mx_6.9.0.202307051724
2023-08-29 21:24:01,325 [INFO] PluginManage:196 - Search for loadable plugins [exclusion list=, ]
2023-08-29 21:24:01,328 [INFO] PluginManage:310 - Check plugin analytics
2023-08-29 21:24:01,637 [INFO] AnalyticsPlugin:253 - Accepted Software Licenses: 
2023-08-29 21:24:01,639 [INFO] AnalyticsPlugin:255 - Accepted CMSIS Pack Licenses: 
2023-08-29 21:24:01,639 [INFO] AnalyticsPlugin:257 - Accepted Firmware Licenses: FW.F4.1.27.0
2023-08-29 21:24:01,643 [INFO] PluginManage:359 - Loaded plugin analytics (category:tool,tabindex:-1)
2023-08-29 21:24:01,643 [INFO] PluginManage:310 - Check plugin cadmodel
2023-08-29 21:24:01,660 [INFO] CADModel:105 - Init CAD model plugin
2023-08-29 21:24:01,660 [INFO] PluginManage:359 - Loaded plugin cadmodel (category:power,tabindex:5)
2023-08-29 21:24:01,660 [INFO] PluginManage:310 - Check plugin clock
2023-08-29 21:24:01,690 [INFO] PluginManage:359 - Loaded plugin clock (category:base,tabindex:2)
2023-08-29 21:24:01,691 [INFO] PluginManage:310 - Check plugin ddr
2023-08-29 21:24:01,696 [INFO] PluginManage:359 - Loaded plugin ddr (category:tool,tabindex:6)
2023-08-29 21:24:01,697 [INFO] PluginManage:310 - Check plugin filemanager
2023-08-29 21:24:01,944 [INFO] PluginManage:359 - Loaded plugin filemanager (category:base,tabindex:10)
2023-08-29 21:24:01,945 [INFO] PluginManage:310 - Check plugin ipmanager
2023-08-29 21:24:01,956 [INFO] PluginManage:359 - Loaded plugin ipmanager (category:base,tabindex:5)
2023-08-29 21:24:01,957 [INFO] PluginManage:310 - Check plugin lpbam
2023-08-29 21:24:01,976 [INFO] PluginManage:359 - Loaded plugin lpbam (category:base,tabindex:0)
2023-08-29 21:24:01,977 [INFO] PluginManage:310 - Check plugin memorymap
2023-08-29 21:24:02,011 [INFO] PluginManage:359 - Loaded plugin memorymap (category:base,tabindex:4)
2023-08-29 21:24:02,011 [INFO] PluginManage:310 - Check plugin pinoutandconfiguration
2023-08-29 21:24:02,032 [INFO] PluginManage:359 - Loaded plugin pinoutandconfiguration (category:base,tabindex:1)
2023-08-29 21:24:02,032 [INFO] PluginManage:310 - Check plugin pinoutconfig
2023-08-29 21:24:02,195 [WARN] SupportedApi:132 - Cannot load RTOS API schema: s4s-elt-must-match.1: The content of 'definitions' must match (annotation?, (simpleType | complexType)?, (unique | key | keyref)*)). A problem was found starting at: attribute.
2023-08-29 21:24:02,439 [INFO] PluginManage:359 - Loaded plugin pinoutconfig (category:base,tabindex:0)
2023-08-29 21:24:02,439 [INFO] PluginManage:310 - Check plugin power
2023-08-29 21:24:02,469 [INFO] PluginManage:359 - Loaded plugin power (category:power,tabindex:4)
2023-08-29 21:24:02,469 [INFO] PluginManage:310 - Check plugin projectmanager
2023-08-29 21:24:02,501 [INFO] PluginManage:359 - Loaded plugin projectmanager (category:projectmanager,tabindex:3)
2023-08-29 21:24:02,501 [INFO] PluginManage:310 - Check plugin thirdparty
2023-08-29 21:24:02,854 [WARN] IntegrityCheckThread:84 - waiting for thirdparty lock release [integrity check]
2023-08-29 21:24:02,854 [INFO] PluginManage:359 - Loaded plugin thirdparty (category:base,tabindex:-1)
2023-08-29 21:24:02,854 [INFO] IntegrityCheckThread:86 - entering critical section [integrity check]
2023-08-29 21:24:02,855 [INFO] PluginManage:310 - Check plugin tools
2023-08-29 21:24:02,855 [INFO] ThirdPartyUpdaterWithRetryManager:70 - Updater plugin not ready yet. [1/15]
2023-08-29 21:24:02,900 [INFO] PluginManage:359 - Loaded plugin tools (category:base,tabindex:7)
2023-08-29 21:24:02,900 [INFO] PluginManage:310 - Check plugin tutovideos
2023-08-29 21:24:03,171 [INFO] PluginManage:359 - Loaded plugin tutovideos (category:base,tabindex:-1)
2023-08-29 21:24:03,171 [INFO] PluginManage:310 - Check plugin updater
2023-08-29 21:24:03,189 [INFO] PluginManage:359 - Loaded plugin updater (category:base,tabindex:12)
2023-08-29 21:24:03,189 [INFO] PluginManage:310 - Check plugin userauth
2023-08-29 21:24:03,200 [INFO] UserAuth:113 - Init User Auth plugin
2023-08-29 21:24:03,200 [INFO] PluginManage:359 - Loaded plugin userauth (category:base,tabindex:14)
2023-08-29 21:24:03,201 [INFO] PluginManage:283 - PluginManage : Loaded plugins [17]
2023-08-29 21:24:03,609 [INFO] PinOutPanel:1499 - setPackage(No Configuration,No Configuration)
2023-08-29 21:24:03,786 [INFO] CADModel:165 - CPN selected for project level
2023-08-29 21:24:03,786 [INFO] CADModel:114 - Register for checkConnection events
2023-08-29 21:24:03,835 [INFO] IPUIPlugin:80 - create IPUIPlugin
2023-08-29 21:24:03,836 [INFO] PluginManager:220 - loadIPPluginJar : add adc
2023-08-29 21:24:03,870 [INFO] IPUIPlugin:80 - create IPUIPlugin
2023-08-29 21:24:03,871 [INFO] PluginManager:220 - loadIPPluginJar : add aes
2023-08-29 21:24:03,927 [INFO] IPUIPlugin:80 - create IPUIPlugin
2023-08-29 21:24:03,928 [INFO] PluginManager:220 - loadIPPluginJar : add can
2023-08-29 21:24:03,964 [INFO] IPUIPlugin:80 - create IPUIPlugin
2023-08-29 21:24:03,965 [INFO] PluginManager:220 - loadIPPluginJar : add comp
2023-08-29 21:24:04,024 [INFO] IPUIPlugin:80 - create IPUIPlugin
2023-08-29 21:24:04,024 [INFO] PluginManager:220 - loadIPPluginJar : add cryp
2023-08-29 21:24:04,069 [INFO] IPUIPlugin:80 - create IPUIPlugin
2023-08-29 21:24:04,070 [INFO] PluginManager:220 - loadIPPluginJar : add dfsdm
2023-08-29 21:24:04,089 [INFO] IPUIPlugin:80 - create IPUIPlugin
2023-08-29 21:24:04,091 [INFO] PluginManager:220 - loadIPPluginJar : add dma
2023-08-29 21:24:04,134 [INFO] IPUIPlugin:80 - create IPUIPlugin
2023-08-29 21:24:04,134 [INFO] PluginManager:220 - loadIPPluginJar : add dma3
2023-08-29 21:24:04,159 [INFO] IPUIPlugin:80 - create IPUIPlugin
2023-08-29 21:24:04,159 [INFO] PluginManager:220 - loadIPPluginJar : add fatfs
2023-08-29 21:24:04,221 [INFO] IPUIPlugin:80 - create IPUIPlugin
2023-08-29 21:24:04,222 [INFO] PluginManager:220 - loadIPPluginJar : add fmc
2023-08-29 21:24:04,242 [INFO] IPUIPlugin:80 - create IPUIPlugin
2023-08-29 21:24:04,243 [INFO] PluginManager:220 - loadIPPluginJar : add freertos
2023-08-29 21:24:04,276 [INFO] IPUIPlugin:80 - create IPUIPlugin
2023-08-29 21:24:04,276 [INFO] PluginManager:220 - loadIPPluginJar : add genericplugin
2023-08-29 21:24:04,390 [INFO] IPUIPlugin:80 - create IPUIPlugin
2023-08-29 21:24:04,390 [INFO] PluginManager:220 - loadIPPluginJar : add gfxmmu
2023-08-29 21:24:04,580 [INFO] IPUIPlugin:80 - create IPUIPlugin
2023-08-29 21:24:04,580 [INFO] PluginManager:220 - loadIPPluginJar : add gic
2023-08-29 21:24:04,604 [INFO] IPUIPlugin:80 - create IPUIPlugin
2023-08-29 21:24:04,605 [INFO] PluginManager:220 - loadIPPluginJar : add gpio
2023-08-29 21:24:04,721 [INFO] IPUIPlugin:80 - create IPUIPlugin
2023-08-29 21:24:04,722 [INFO] PluginManager:220 - loadIPPluginJar : add gtzc
2023-08-29 21:24:04,767 [INFO] IPUIPlugin:80 - create IPUIPlugin
2023-08-29 21:24:04,767 [INFO] PluginManager:220 - loadIPPluginJar : add hash
2023-08-29 21:24:04,845 [INFO] IPUIPlugin:80 - create IPUIPlugin
2023-08-29 21:24:04,846 [INFO] PluginManager:220 - loadIPPluginJar : add i2c
2023-08-29 21:24:04,891 [INFO] IPUIPlugin:80 - create IPUIPlugin
2023-08-29 21:24:04,891 [INFO] PluginManager:220 - loadIPPluginJar : add i2s
2023-08-29 21:24:04,946 [INFO] IPUIPlugin:80 - create IPUIPlugin
2023-08-29 21:24:04,947 [INFO] PluginManager:220 - loadIPPluginJar : add i3c
2023-08-29 21:24:05,055 [INFO] IPUIPlugin:80 - create IPUIPlugin
2023-08-29 21:24:05,056 [INFO] PluginManager:220 - loadIPPluginJar : add ipddr
2023-08-29 21:24:05,153 [INFO] IPUIPlugin:80 - create IPUIPlugin
2023-08-29 21:24:05,154 [INFO] PluginManager:220 - loadIPPluginJar : add linkedlist
2023-08-29 21:24:05,198 [INFO] IPUIPlugin:80 - create IPUIPlugin
2023-08-29 21:24:05,199 [INFO] PluginManager:220 - loadIPPluginJar : add lorawan
2023-08-29 21:24:05,250 [INFO] IPUIPlugin:80 - create IPUIPlugin
2023-08-29 21:24:05,251 [INFO] PluginManager:220 - loadIPPluginJar : add ltdc
2023-08-29 21:24:05,280 [INFO] IPUIPlugin:80 - create IPUIPlugin
2023-08-29 21:24:05,280 [INFO] PluginManager:220 - loadIPPluginJar : add mdma
2023-08-29 21:24:05,294 [INFO] IPUIPlugin:80 - create IPUIPlugin
2023-08-29 21:24:05,294 [INFO] PluginManager:220 - loadIPPluginJar : add nvic
2023-08-29 21:24:05,330 [INFO] IPUIPlugin:80 - create IPUIPlugin
2023-08-29 21:24:05,331 [INFO] PluginManager:220 - loadIPPluginJar : add opamp
2023-08-29 21:24:05,423 [INFO] IPUIPlugin:80 - create IPUIPlugin
2023-08-29 21:24:05,423 [INFO] PluginManager:220 - loadIPPluginJar : add openamp
2023-08-29 21:24:05,475 [INFO] IPUIPlugin:80 - create IPUIPlugin
2023-08-29 21:24:05,475 [INFO] PluginManager:220 - loadIPPluginJar : add pdm2pcm
2023-08-29 21:24:05,495 [INFO] IPUIPlugin:80 - create IPUIPlugin
2023-08-29 21:24:05,500 [INFO] PluginManager:220 - loadIPPluginJar : add plateformsettings
2023-08-29 21:24:05,533 [INFO] IPUIPlugin:80 - create IPUIPlugin
2023-08-29 21:24:05,533 [INFO] PluginManager:220 - loadIPPluginJar : add quadspi
2023-08-29 21:24:05,554 [INFO] IPUIPlugin:80 - create IPUIPlugin
2023-08-29 21:24:05,554 [INFO] PluginManager:220 - loadIPPluginJar : add resmgrutility
2023-08-29 21:24:05,616 [INFO] IPUIPlugin:80 - create IPUIPlugin
2023-08-29 21:24:05,616 [INFO] PluginManager:220 - loadIPPluginJar : add sai
2023-08-29 21:24:05,665 [INFO] IPUIPlugin:80 - create IPUIPlugin
2023-08-29 21:24:05,665 [INFO] PluginManager:220 - loadIPPluginJar : add spi
2023-08-29 21:24:05,761 [INFO] IPUIPlugin:80 - create IPUIPlugin
2023-08-29 21:24:05,762 [INFO] PluginManager:220 - loadIPPluginJar : add stm32_wpan
2023-08-29 21:24:05,801 [INFO] IPUIPlugin:80 - create IPUIPlugin
2023-08-29 21:24:05,801 [INFO] PluginManager:220 - loadIPPluginJar : add tim
2023-08-29 21:24:05,869 [INFO] ThirdPartyUpdaterWithRetryManager:70 - Updater plugin not ready yet. [2/15]
2023-08-29 21:24:05,895 [INFO] IPUIPlugin:80 - create IPUIPlugin
2023-08-29 21:24:05,895 [INFO] PluginManager:220 - loadIPPluginJar : add touchsensing
2023-08-29 21:24:05,934 [INFO] IPUIPlugin:80 - create IPUIPlugin
2023-08-29 21:24:05,934 [INFO] PluginManager:220 - loadIPPluginJar : add tracer_emb
2023-08-29 21:24:05,963 [INFO] IPUIPlugin:80 - create IPUIPlugin
2023-08-29 21:24:05,963 [INFO] PluginManager:220 - loadIPPluginJar : add ts
2023-08-29 21:24:06,001 [INFO] IPUIPlugin:80 - create IPUIPlugin
2023-08-29 21:24:06,001 [INFO] PluginManager:220 - loadIPPluginJar : add tsc
2023-08-29 21:24:06,043 [INFO] IPUIPlugin:80 - create IPUIPlugin
2023-08-29 21:24:06,044 [INFO] PluginManager:220 - loadIPPluginJar : add ucpd
2023-08-29 21:24:06,080 [INFO] IPUIPlugin:80 - create IPUIPlugin
2023-08-29 21:24:06,080 [INFO] PluginManager:220 - loadIPPluginJar : add usart
2023-08-29 21:24:06,149 [INFO] IPUIPlugin:80 - create IPUIPlugin
2023-08-29 21:24:06,149 [INFO] PluginManager:220 - loadIPPluginJar : add usbx
2023-08-29 21:24:06,307 [INFO] CADModel:165 - CPN selected for project level
2023-08-29 21:24:06,307 [INFO] CADModel:114 - Register for checkConnection events
2023-08-29 21:24:06,307 [FATAL] Updater:308 - Updater called before beeing initialized
2023-08-29 21:24:06,307 [ERROR] CADModel:125 - Updater not yet initialized, retry later 
2023-08-29 21:24:06,563 [INFO] CADModel:165 - CPN selected for project level
2023-08-29 21:24:06,563 [INFO] CADModel:114 - Register for checkConnection events
2023-08-29 21:24:06,563 [FATAL] Updater:308 - Updater called before beeing initialized
2023-08-29 21:24:06,563 [ERROR] CADModel:125 - Updater not yet initialized, retry later 
2023-08-29 21:24:06,570 [FATAL] Updater:308 - Updater called before beeing initialized
2023-08-29 21:24:06,707 [FATAL] Updater:308 - Updater called before beeing initialized
2023-08-29 21:24:06,717 [INFO] DbMcusAds:53 - JSON generation date=Tue Mar 07 10:50:55 SAST 2023 (1678179055114)
2023-08-29 21:24:06,717 [FATAL] Updater:308 - Updater called before beeing initialized
2023-08-29 21:24:06,835 [WARN] DetailPanel:346 - Failed to get advertising image, set to default
2023-08-29 21:24:06,977 [FATAL] Updater:308 - Updater called before beeing initialized
2023-08-29 21:24:06,980 [FATAL] Updater:308 - Updater called before beeing initialized
2023-08-29 21:24:06,980 [FATAL] Updater:308 - Updater called before beeing initialized
2023-08-29 21:24:06,980 [WARN] DetailPanel:346 - Failed to get advertising image, set to default
2023-08-29 21:24:06,981 [FATAL] Updater:308 - Updater called before beeing initialized
2023-08-29 21:24:07,054 [ERROR] Updater:1120 - MainUpdater not yet initialized. External WinMGr cannot be set.
2023-08-29 21:24:07,063 [INFO] Updater:1056 - Updater Version found : 6.9.0
2023-08-29 21:24:07,099 [INFO] ApplicationProperties:184 - Using Application install path: C:\ST\STM32CubeIDE_1.13.0\STM32CubeIDE\plugins\com.st.stm32cube.common.mx_6.9.0.202307051724
2023-08-29 21:24:07,421 [INFO] MainUpdater:2868 - connection check result : 10
2023-08-29 21:24:07,421 [INFO] MainUpdater:3562 - Updater definition file requires update
2023-08-29 21:24:07,422 [INFO] MainUpdater:285 - Updater Check For Update Now.
2023-08-29 21:24:07,422 [INFO] MicroXplorer:498 - Change Database Version : DB.6.0.90
2023-08-29 21:24:07,451 [INFO] McuFinderGlobals:63 - Set McuFinder mode to 2 (CubeIDE integrated)
2023-08-29 21:24:07,452 [INFO] UserAuth:179 - activating auth plugin
2023-08-29 21:24:07,456 [INFO] UserAuth:393 - Internet connection configuration mode: 1
2023-08-29 21:24:07,496 [INFO] JxBrowserEngine:151 - Initiate JxBrowser Engine with user profile folder
2023-08-29 21:24:07,553 [INFO] ServerAccessManage:473 - Download File updaters.zip
2023-08-29 21:24:08,872 [WARN] MainUpdater:1189 - Updater busy. Cannot search thirdparties
2023-08-29 21:24:08,872 [INFO] ThirdPartyUpdaterWithRetryManager:96 - Updater plugin is busy. [1/15]
2023-08-29 21:24:09,606 [INFO] FileExtend:240 - Unzip File : updaters.zip
2023-08-29 21:24:09,606 [INFO] FileExtend:255 - Standard Zip Deflate
2023-08-29 21:24:10,412 [INFO] ServerAccessManage:473 - Download File PacksControlFlags.xml
2023-08-29 21:24:10,857 [INFO] WebApp:157 - Instantiating new browser for Auth
2023-08-29 21:24:10,959 [INFO] ServerAccessManage:473 - Download File cubemx.pidx
2023-08-29 21:24:11,733 [INFO] ServerAccessManage:473 - Download File STMicroelectronics.X-CUBE-FREERTOS.pdsc
2023-08-29 21:24:11,874 [WARN] MainUpdater:1189 - Updater busy. Cannot search thirdparties
2023-08-29 21:24:11,874 [INFO] ThirdPartyUpdaterWithRetryManager:96 - Updater plugin is busy. [2/15]
2023-08-29 21:24:11,896 [INFO] WebApp:753 - Register for checkConnection events
2023-08-29 21:24:11,896 [INFO] WebApp:390 - Apply proxy settings
2023-08-29 21:24:11,896 [INFO] WebApp:475 - Chromium requires no authentication
2023-08-29 21:24:11,907 [INFO] WebApp:418 - Direct internet connection detected
2023-08-29 21:24:12,162 [INFO] WebApp:188 - Starting web application
2023-08-29 21:24:12,162 [INFO] WebApp:520 - Web application path used C:\ST\STM32CubeIDE_1.13.0\STM32CubeIDE\plugins\com.st.stm32cube.common.mx_6.9.0.202307051724\db\plugins\mcufinder\reactClient1\index.html
2023-08-29 21:24:14,884 [WARN] MainUpdater:1189 - Updater busy. Cannot search thirdparties
2023-08-29 21:24:14,884 [INFO] ThirdPartyUpdaterWithRetryManager:96 - Updater plugin is busy. [3/15]
2023-08-29 21:24:17,889 [WARN] MainUpdater:1189 - Updater busy. Cannot search thirdparties
2023-08-29 21:24:17,889 [INFO] ThirdPartyUpdaterWithRetryManager:96 - Updater plugin is busy. [4/15]
2023-08-29 21:24:20,892 [WARN] MainUpdater:1189 - Updater busy. Cannot search thirdparties
2023-08-29 21:24:20,892 [INFO] ThirdPartyUpdaterWithRetryManager:96 - Updater plugin is busy. [5/15]
2023-08-29 21:24:23,907 [WARN] MainUpdater:1189 - Updater busy. Cannot search thirdparties
2023-08-29 21:24:23,907 [INFO] ThirdPartyUpdaterWithRetryManager:96 - Updater plugin is busy. [6/15]
2023-08-29 21:24:26,908 [WARN] MainUpdater:1189 - Updater busy. Cannot search thirdparties
2023-08-29 21:24:26,908 [INFO] ThirdPartyUpdaterWithRetryManager:96 - Updater plugin is busy. [7/15]
2023-08-29 21:24:29,910 [WARN] MainUpdater:1189 - Updater busy. Cannot search thirdparties
2023-08-29 21:24:29,910 [INFO] ThirdPartyUpdaterWithRetryManager:96 - Updater plugin is busy. [8/15]
2023-08-29 21:24:30,806 [ERROR] ServerAccessManage:1096 - Problem, Http access forbiden
2023-08-29 21:24:30,807 [ERROR] ServerAccessManage:651 - Problem, Http access forbiden : RoweBots.I-CUBE-UNISONRTOS.pdsc.
2023-08-29 21:24:30,967 [WARN] PackLoader:240 - Cannot read IP mode file for STMicroelectronics.X-CUBE-FREERTOS.1.1.0
2023-08-29 21:24:30,969 [INFO] PopulateThirdPartyThread:66 - Ending populate Thread
2023-08-29 21:24:30,970 [INFO] ThirdParty:1030 - CMSIS Pack Vendor :STMicroelectronics X-CUBE-FREERTOS 1.1.0
2023-08-29 21:24:30,971 [INFO] LoadServerUpdatesThread:373 - End of LoadServerUpdate Thread
2023-08-29 21:24:31,064 [INFO] CheckServerUpdateThread:120 - End of CheckServer Thread
2023-08-29 21:24:33,043 [WARN] PackLoader:240 - Cannot read IP mode file for STMicroelectronics.X-CUBE-SMBUS.2.1.0
2023-08-29 21:24:33,075 [WARN] PackLoader:240 - Cannot read IP mode file for STMicroelectronics.X-CUBE-AZRTOS-F7.1.1.0
2023-08-29 21:24:33,094 [WARN] PackLoader:240 - Cannot read IP mode file for STMicroelectronics.FP-SNS-MOTENV1.4.3.2
2023-08-29 21:24:33,113 [WARN] PackLoader:240 - Cannot read IP mode file for STMicroelectronics.X-CUBE-BLE1.6.2.4
2023-08-29 21:24:33,119 [WARN] PackLoader:240 - Cannot read IP mode file for STMicroelectronics.FP-SNS-FLIGHT1.5.0.2
2023-08-29 21:24:33,134 [WARN] PackLoader:240 - Cannot read IP mode file for STMicroelectronics.X-CUBE-DISPLAY.3.0.0
2023-08-29 21:24:33,147 [WARN] PackLoader:240 - Cannot read IP mode file for STMicroelectronics.X-CUBE-BLE1.7.0.0
2023-08-29 21:24:33,157 [ERROR] LogOutputStream:75 - [STDERR_REDIRECT] SLF4J: Failed to load class "org.slf4j.impl.StaticLoggerBinder".
2023-08-29 21:24:33,157 [ERROR] LogOutputStream:75 - [STDERR_REDIRECT] SLF4J: Defaulting to no-operation (NOP) logger implementation
2023-08-29 21:24:33,159 [ERROR] LogOutputStream:75 - [STDERR_REDIRECT] SLF4J: See http://www.slf4j.org/codes.html#StaticLoggerBinder for further details.
2023-08-29 21:24:33,163 [WARN] PackLoader:240 - Cannot read IP mode file for emotas.I-CUBE-CANOPEN.1.3.0
2023-08-29 21:24:33,177 [WARN] PackLoader:240 - Cannot read IP mode file for STMicroelectronics.X-CUBE-TOUCHGFX.4.22.0
2023-08-29 21:24:33,194 [INFO] LogOutputStream:77 - [STDOUT_REDIRECT] 1 : Invalid condition id : UX_CORESTACK_Condition cause : null
2023-08-29 21:24:33,194 [INFO] LogOutputStream:77 - [STDOUT_REDIRECT] 1 : Invalid condition id : UX_CORESTACK_Condition cause : null
2023-08-29 21:24:33,195 [INFO] LogOutputStream:77 - [STDOUT_REDIRECT] 1 : Invalid condition id : UX_CORESTACK_Condition cause : null
2023-08-29 21:24:33,196 [INFO] LogOutputStream:77 - [STDOUT_REDIRECT] 1 : Invalid condition id : UX_CORESTACK_Condition cause : null
2023-08-29 21:24:33,196 [INFO] LogOutputStream:77 - [STDOUT_REDIRECT] 1 : Invalid condition id : UX_CORESTACK_Condition cause : null
2023-08-29 21:24:33,199 [WARN] PackLoader:240 - Cannot read IP mode file for STMicroelectronics.X-CUBE-AZRTOS-WL.2.0.0
2023-08-29 21:24:33,213 [WARN] PackLoader:240 - Cannot read IP mode file for WES.I-CUBE-Cesium.1.3.0
2023-08-29 21:24:33,225 [WARN] PackLoader:240 - Cannot read IP mode file for STMicroelectronics.X-CUBE-BLE2.3.3.0
2023-08-29 21:24:33,235 [WARN] PackLoader:240 - Cannot read IP mode file for STMicroelectronics.X-CUBE-ALGOBUILD.1.3.0
2023-08-29 21:24:33,258 [WARN] PackLoader:240 - Cannot read IP mode file for STMicroelectronics.X-CUBE-AZRTOS-G0.1.1.0
2023-08-29 21:24:33,273 [WARN] PackLoader:240 - Cannot read IP mode file for STMicroelectronics.X-CUBE-NFC4.3.0.0
2023-08-29 21:24:33,281 [WARN] PackLoader:240 - Cannot read IP mode file for STMicroelectronics.FP-ATR-SIGFOX1.3.2.0
2023-08-29 21:24:33,322 [WARN] PackLoader:240 - Cannot read IP mode file for SEGGER.I-CUBE-embOS.1.3.1
2023-08-29 21:24:33,371 [WARN] PackLoader:240 - Cannot read IP mode file for STMicroelectronics.X-CUBE-GNSS1.6.0.0
2023-08-29 21:24:33,397 [WARN] PackLoader:240 - Cannot read IP mode file for STMicroelectronics.X-CUBE-AZRTOS-F4.1.1.0
2023-08-29 21:24:33,411 [WARN] PackLoader:240 - Cannot read IP mode file for wolfSSL.I-CUBE-wolfSSL.5.6.3
2023-08-29 21:24:33,434 [WARN] PackLoader:240 - Cannot read IP mode file for STMicroelectronics.X-CUBE-AZRTOS-L5.2.0.0
2023-08-29 21:24:33,484 [WARN] PackLoader:240 - Cannot read IP mode file for STMicroelectronics.X-CUBE-MEMS1.9.6.0
2023-08-29 21:24:33,603 [WARN] PackLoader:240 - Cannot read IP mode file for STMicroelectronics.X-CUBE-BLEMGR.2.0.0
2023-08-29 21:24:33,628 [WARN] ConditionMgr:438 - getConditionDescription Invalid condition id : UX DEVICE CLASS RTOS Condition cause : null
2023-08-29 21:24:33,628 [WARN] ConditionMgr:438 - getConditionDescription Invalid condition id : UX DEVICE CLASS RTOS Condition cause : null
2023-08-29 21:24:33,630 [WARN] PackLoader:240 - Cannot read IP mode file for STMicroelectronics.X-CUBE-AZRTOS-H7.3.1.0
2023-08-29 21:24:33,631 [WARN] ConditionMgr:1039 - genDependencies : Invalid condition id : UX DEVICE CLASS RTOS Condition cause : null
2023-08-29 21:24:33,632 [WARN] ConditionMgr:1039 - genDependencies : Invalid condition id : UX DEVICE CLASS RTOS Condition cause : null
2023-08-29 21:24:33,632 [WARN] ConditionMgr:1039 - genDependencies : Invalid condition id : UX DEVICE CLASS RTOS Condition cause : null
2023-08-29 21:24:33,632 [WARN] ConditionMgr:1039 - genDependencies : Invalid condition id : UX DEVICE CLASS RTOS Condition cause : null
2023-08-29 21:24:33,632 [WARN] ConditionMgr:1039 - genDependencies : Invalid condition id : UX DEVICE CLASS RTOS Condition cause : null
2023-08-29 21:24:33,646 [WARN] PackLoader:240 - Cannot read IP mode file for STMicroelectronics.X-CUBE-NFC7.1.0.1
2023-08-29 21:24:33,659 [WARN] PackLoader:240 - Cannot read IP mode file for STMicroelectronics.X-CUBE-EEPRMA1.4.1.0
2023-08-29 21:24:33,676 [WARN] PackLoader:240 - Cannot read IP mode file for STMicroelectronics.X-CUBE-AI.8.1.0
2023-08-29 21:24:33,704 [WARN] ConditionMgr:438 - getConditionDescription Invalid condition id : LAN8742 Phy interface Condition cause : null
2023-08-29 21:24:33,704 [WARN] PackLoader:240 - Cannot read IP mode file for STMicroelectronics.X-CUBE-AZRTOS-L4.2.0.0
2023-08-29 21:24:33,705 [WARN] ConditionMgr:1039 - genDependencies : Invalid condition id : LAN8742 Phy interface Condition cause : null
2023-08-29 21:24:33,705 [WARN] ConditionMgr:1039 - genDependencies : Invalid condition id : LAN8742 Phy interface Condition cause : null
2023-08-29 21:24:33,706 [WARN] ConditionMgr:1039 - genDependencies : Invalid condition id : LAN8742 Phy interface Condition cause : null
2023-08-29 21:24:33,721 [WARN] PackLoader:240 - Cannot read IP mode file for STMicroelectronics.X-CUBE-SFXS2LP1.4.0.0
2023-08-29 21:24:33,735 [WARN] PackLoader:240 - Cannot read IP mode file for STMicroelectronics.X-CUBE-ISPU.1.1.0
2023-08-29 21:24:33,757 [WARN] ConditionMgr:438 - getConditionDescription Invalid condition id : UX DEVICE CLASS RTOS Condition cause : null
2023-08-29 21:24:33,757 [WARN] ConditionMgr:438 - getConditionDescription Invalid condition id : UX DEVICE CLASS RTOS Condition cause : null
2023-08-29 21:24:33,757 [WARN] PackLoader:240 - Cannot read IP mode file for STMicroelectronics.X-CUBE-AZRTOS-WB.2.0.0
2023-08-29 21:24:33,758 [WARN] ConditionMgr:1039 - genDependencies : Invalid condition id : UX DEVICE CLASS RTOS Condition cause : null
2023-08-29 21:24:33,758 [WARN] ConditionMgr:1039 - genDependencies : Invalid condition id : UX DEVICE CLASS RTOS Condition cause : null
2023-08-29 21:24:33,759 [WARN] ConditionMgr:1039 - genDependencies : Invalid condition id : UX DEVICE CLASS RTOS Condition cause : null
2023-08-29 21:24:33,759 [WARN] ConditionMgr:1039 - genDependencies : Invalid condition id : UX DEVICE CLASS RTOS Condition cause : null
2023-08-29 21:24:33,759 [WARN] ConditionMgr:1039 - genDependencies : Invalid condition id : UX DEVICE CLASS RTOS Condition cause : null
2023-08-29 21:24:33,771 [WARN] PackLoader:240 - Cannot read IP mode file for STMicroelectronics.X-CUBE-FREERTOS.1.0.1
2023-08-29 21:24:33,794 [WARN] PackLoader:240 - Cannot read IP mode file for STMicroelectronics.X-CUBE-AZRTOS-L5.1.1.0
2023-08-29 21:24:33,811 [WARN] PackLoader:240 - Cannot read IP mode file for STMicroelectronics.X-CUBE-SUBG2.5.0.0
2023-08-29 21:24:33,831 [WARN] PackLoader:240 - Cannot read IP mode file for STMicroelectronics.X-CUBE-TOF1.3.3.1
2023-08-29 21:24:33,856 [WARN] PackLoader:240 - Cannot read IP mode file for STMicroelectronics.X-CUBE-AZRTOS-G4.2.0.0
2023-08-29 21:24:33,860 [WARN] PackLoader:240 - Cannot read IP mode file for STMicroelectronics.X-CUBE-FREERTOS.1.1.0
2023-08-29 21:24:33,872 [WARN] PackLoader:240 - Cannot read IP mode file for portGmbH.I-Cube-SoM-uGOAL.1.1.0
2023-08-29 21:24:33,885 [WARN] PackLoader:240 - Cannot read IP mode file for STMicroelectronics.X-CUBE-ALS.1.0.1
2023-08-29 21:24:33,905 [WARN] PackLoader:240 - Cannot read IP mode file for STMicroelectronics.X-CUBE-AZRTOS-WB.1.1.0
2023-08-29 21:24:33,913 [WARN] PackLoader:240 - Cannot read IP mode file for STMicroelectronics.FP-ATR-ASTRA1.2.0.0
2023-08-29 21:24:33,913 [INFO] ThirdParty:978 - Integrity check success = true
2023-08-29 21:24:33,913 [INFO] IntegrityCheckThread:100 - exiting critical section [integrity check]
2023-08-29 21:24:33,913 [INFO] IntegrityCheckThread:103 - End integrity checks thread
